[ 2015-05-21T14:29:42+08:00 ] ::1 /encms/
INFO: [ app_init ] --START--
INFO: Run Behavior\BuildLiteBehavior [ RunTime:0.000038s ]
INFO: [ app_init ] --END-- [ RunTime:0.002797s ]
INFO: [ app_begin ] --START--
INFO: Run Behavior\ReadHtmlCacheBehavior [ RunTime:0.000928s ]
INFO: [ app_begin ] --END-- [ RunTime:0.001117s ]
INFO: [ view_parse ] --START--
INFO: [ template_filter ] --START--
INFO: Run Behavior\ContentReplaceBehavior [ RunTime:0.000132s ]
INFO: [ template_filter ] --END-- [ RunTime:0.000370s ]
SQL: SHOW COLUMNS FROM `en_cate` [ RunTime:0.2169s ]
SQL: SELECT * FROM `en_cate` ORDER BY sort  [ RunTime:0.0412s ]
INFO: Run Behavior\ParseTemplateBehavior [ RunTime:0.526498s ]
INFO: [ view_parse ] --END-- [ RunTime:0.526718s ]
INFO: [ view_filter ] --START--
INFO: Run Behavior\WriteHtmlCacheBehavior [ RunTime:0.000653s ]
INFO: [ view_filter ] --END-- [ RunTime:0.000814s ]
INFO: [ app_end ] --START--
INFO: Run Behavior\ShowPageTraceBehavior [ RunTime:0.001333s ]
INFO: [ app_end ] --END-- [ RunTime:0.001577s ]

[ 2015-05-21T14:37:26+08:00 ] ::1 /encms/index.php
INFO: [ app_init ] --START--
INFO: Run Behavior\BuildLiteBehavior [ RunTime:0.000048s ]
INFO: [ app_init ] --END-- [ RunTime:0.000911s ]
INFO: [ app_begin ] --START--
INFO: Run Behavior\ReadHtmlCacheBehavior [ RunTime:0.001070s ]
INFO: [ app_begin ] --END-- [ RunTime:0.001246s ]
INFO: [ view_parse ] --START--
INFO: [ template_filter ] --START--
INFO: Run Behavior\ContentReplaceBehavior [ RunTime:0.000218s ]
INFO: [ template_filter ] --END-- [ RunTime:0.000518s ]
SQL: SHOW COLUMNS FROM `en_cate` [ RunTime:0.0096s ]
SQL: SELECT * FROM `en_cate` ORDER BY sort  [ RunTime:0.0004s ]
INFO: Run Behavior\ParseTemplateBehavior [ RunTime:0.086360s ]
INFO: [ view_parse ] --END-- [ RunTime:0.086533s ]
INFO: [ view_filter ] --START--
INFO: Run Behavior\WriteHtmlCacheBehavior [ RunTime:0.000843s ]
INFO: [ view_filter ] --END-- [ RunTime:0.001000s ]
INFO: [ app_end ] --START--
INFO: Run Behavior\ShowPageTraceBehavior [ RunTime:0.001229s ]
INFO: [ app_end ] --END-- [ RunTime:0.001404s ]

[ 2015-05-21T14:52:01+08:00 ] ::1 /encms/
INFO: [ app_init ] --START--
INFO: Run Behavior\BuildLiteBehavior [ RunTime:0.000070s ]
INFO: [ app_init ] --END-- [ RunTime:0.000985s ]
INFO: [ app_begin ] --START--
INFO: Run Behavior\ReadHtmlCacheBehavior [ RunTime:0.002225s ]
INFO: [ app_begin ] --END-- [ RunTime:0.002547s ]
INFO: [ view_parse ] --START--
INFO: [ template_filter ] --START--
INFO: Run Behavior\ContentReplaceBehavior [ RunTime:0.000196s ]
INFO: [ template_filter ] --END-- [ RunTime:0.000452s ]
SQL: SHOW COLUMNS FROM `en_cate` [ RunTime:0.0149s ]
SQL: SELECT * FROM `en_cate` ORDER BY sort  [ RunTime:0.0004s ]
INFO: Run Behavior\ParseTemplateBehavior [ RunTime:0.056825s ]
INFO: [ view_parse ] --END-- [ RunTime:0.057013s ]
INFO: [ view_filter ] --START--
INFO: Run Behavior\WriteHtmlCacheBehavior [ RunTime:0.001217s ]
INFO: [ view_filter ] --END-- [ RunTime:0.001440s ]
INFO: [ app_end ] --START--
INFO: Run Behavior\ShowPageTraceBehavior [ RunTime:0.002113s ]
INFO: [ app_end ] --END-- [ RunTime:0.002424s ]

[ 2015-05-21T14:57:20+08:00 ] ::1 /encms/
INFO: [ app_init ] --START--
INFO: Run Behavior\BuildLiteBehavior [ RunTime:0.000054s ]
INFO: [ app_init ] --END-- [ RunTime:0.000845s ]
INFO: [ app_begin ] --START--
INFO: Run Behavior\ReadHtmlCacheBehavior [ RunTime:0.001272s ]
INFO: [ app_begin ] --END-- [ RunTime:0.001490s ]
INFO: [ view_parse ] --START--
INFO: [ template_filter ] --START--
INFO: Run Behavior\ContentReplaceBehavior [ RunTime:0.000104s ]
INFO: [ template_filter ] --END-- [ RunTime:0.000301s ]
SQL: SHOW COLUMNS FROM `en_cate` [ RunTime:0.0088s ]
SQL: SELECT * FROM `en_cate` ORDER BY sort  [ RunTime:0.0004s ]
INFO: Run Behavior\ParseTemplateBehavior [ RunTime:0.047293s ]
INFO: [ view_parse ] --END-- [ RunTime:0.047490s ]
INFO: [ view_filter ] --START--
INFO: Run Behavior\WriteHtmlCacheBehavior [ RunTime:0.001902s ]
INFO: [ view_filter ] --END-- [ RunTime:0.002251s ]
INFO: [ app_end ] --START--
INFO: Run Behavior\ShowPageTraceBehavior [ RunTime:0.001649s ]
INFO: [ app_end ] --END-- [ RunTime:0.001890s ]

[ 2015-05-21T14:57:39+08:00 ] ::1 /encms/
INFO: [ app_init ] --START--
INFO: Run Behavior\BuildLiteBehavior [ RunTime:0.000062s ]
INFO: [ app_init ] --END-- [ RunTime:0.001271s ]
INFO: [ app_begin ] --START--
INFO: Run Behavior\ReadHtmlCacheBehavior [ RunTime:0.001180s ]
INFO: [ app_begin ] --END-- [ RunTime:0.001344s ]
INFO: [ view_parse ] --START--
INFO: [ template_filter ] --START--
INFO: Run Behavior\ContentReplaceBehavior [ RunTime:0.000145s ]
INFO: [ template_filter ] --END-- [ RunTime:0.000468s ]
INFO: Run Behavior\ParseTemplateBehavior [ RunTime:0.024901s ]
INFO: [ view_parse ] --END-- [ RunTime:0.025372s ]
INFO: [ view_filter ] --START--
INFO: Run Behavior\WriteHtmlCacheBehavior [ RunTime:0.001639s ]
INFO: [ view_filter ] --END-- [ RunTime:0.001985s ]
INFO: [ app_end ] --START--
INFO: Run Behavior\ShowPageTraceBehavior [ RunTime:0.001734s ]
INFO: [ app_end ] --END-- [ RunTime:0.002039s ]

[ 2015-05-21T15:03:25+08:00 ] ::1 /encms/
INFO: [ app_init ] --START--
INFO: Run Behavior\BuildLiteBehavior [ RunTime:0.000036s ]
INFO: [ app_init ] --END-- [ RunTime:0.000829s ]
INFO: [ app_begin ] --START--
INFO: Run Behavior\ReadHtmlCacheBehavior [ RunTime:0.001479s ]
INFO: [ app_begin ] --END-- [ RunTime:0.001729s ]
INFO: [ view_parse ] --START--
INFO: [ template_filter ] --START--
INFO: Run Behavior\ContentReplaceBehavior [ RunTime:0.000111s ]
INFO: [ template_filter ] --END-- [ RunTime:0.000319s ]
INFO: Run Behavior\ParseTemplateBehavior [ RunTime:0.020595s ]
INFO: [ view_parse ] --END-- [ RunTime:0.020839s ]
INFO: [ view_filter ] --START--
INFO: Run Behavior\WriteHtmlCacheBehavior [ RunTime:0.000722s ]
INFO: [ view_filter ] --END-- [ RunTime:0.000869s ]
INFO: [ app_end ] --START--
INFO: Run Behavior\ShowPageTraceBehavior [ RunTime:0.000874s ]
INFO: [ app_end ] --END-- [ RunTime:0.001012s ]

[ 2015-05-21T15:10:10+08:00 ] ::1 /encms/
INFO: [ app_init ] --START--
INFO: Run Behavior\BuildLiteBehavior [ RunTime:0.000034s ]
INFO: [ app_init ] --END-- [ RunTime:0.000740s ]
INFO: [ app_begin ] --START--
INFO: Run Behavior\ReadHtmlCacheBehavior [ RunTime:0.001489s ]
INFO: [ app_begin ] --END-- [ RunTime:0.001701s ]
INFO: [ view_parse ] --START--
INFO: [ template_filter ] --START--
INFO: Run Behavior\ContentReplaceBehavior [ RunTime:0.000183s ]
INFO: [ template_filter ] --END-- [ RunTime:0.000601s ]
INFO: Run Behavior\ParseTemplateBehavior [ RunTime:0.026699s ]
INFO: [ view_parse ] --END-- [ RunTime:0.026914s ]
INFO: [ view_filter ] --START--
INFO: Run Behavior\WriteHtmlCacheBehavior [ RunTime:0.001105s ]
INFO: [ view_filter ] --END-- [ RunTime:0.001442s ]
INFO: [ app_end ] --START--
INFO: Run Behavior\ShowPageTraceBehavior [ RunTime:0.001180s ]
INFO: [ app_end ] --END-- [ RunTime:0.001354s ]

[ 2015-05-21T15:14:55+08:00 ] ::1 /encms/
INFO: [ app_init ] --START--
INFO: Run Behavior\BuildLiteBehavior [ RunTime:0.000074s ]
INFO: [ app_init ] --END-- [ RunTime:0.001411s ]
INFO: [ app_begin ] --START--
INFO: Run Behavior\ReadHtmlCacheBehavior [ RunTime:0.001316s ]
INFO: [ app_begin ] --END-- [ RunTime:0.001512s ]
INFO: [ view_parse ] --START--
INFO: [ template_filter ] --START--
INFO: Run Behavior\ContentReplaceBehavior [ RunTime:0.000112s ]
INFO: [ template_filter ] --END-- [ RunTime:0.000275s ]
INFO: Run Behavior\ParseTemplateBehavior [ RunTime:0.042912s ]
INFO: [ view_parse ] --END-- [ RunTime:0.043156s ]
INFO: [ view_filter ] --START--
INFO: Run Behavior\WriteHtmlCacheBehavior [ RunTime:0.001210s ]
INFO: [ view_filter ] --END-- [ RunTime:0.001382s ]
INFO: [ app_end ] --START--
INFO: Run Behavior\ShowPageTraceBehavior [ RunTime:0.001409s ]
INFO: [ app_end ] --END-- [ RunTime:0.001579s ]

[ 2015-05-21T15:15:12+08:00 ] ::1 /encms/
INFO: [ app_init ] --START--
INFO: Run Behavior\BuildLiteBehavior [ RunTime:0.000036s ]
INFO: [ app_init ] --END-- [ RunTime:0.000753s ]
INFO: [ app_begin ] --START--
INFO: Run Behavior\ReadHtmlCacheBehavior [ RunTime:0.001338s ]
INFO: [ app_begin ] --END-- [ RunTime:0.001571s ]
INFO: [ view_parse ] --START--
INFO: [ template_filter ] --START--
INFO: Run Behavior\ContentReplaceBehavior [ RunTime:0.000103s ]
INFO: [ template_filter ] --END-- [ RunTime:0.000264s ]
INFO: Run Behavior\ParseTemplateBehavior [ RunTime:0.019597s ]
INFO: [ view_parse ] --END-- [ RunTime:0.019772s ]
INFO: [ view_filter ] --START--
INFO: Run Behavior\WriteHtmlCacheBehavior [ RunTime:0.000673s ]
INFO: [ view_filter ] --END-- [ RunTime:0.000808s ]
INFO: [ app_end ] --START--
INFO: Run Behavior\ShowPageTraceBehavior [ RunTime:0.000864s ]
INFO: [ app_end ] --END-- [ RunTime:0.001004s ]

[ 2015-05-21T16:02:26+08:00 ] ::1 /encms/
INFO: [ app_init ] --START--
INFO: Run Behavior\BuildLiteBehavior [ RunTime:0.000047s ]
INFO: [ app_init ] --END-- [ RunTime:0.000841s ]
INFO: [ app_begin ] --START--
INFO: Run Behavior\ReadHtmlCacheBehavior [ RunTime:0.001937s ]
INFO: [ app_begin ] --END-- [ RunTime:0.002275s ]
NOTIC: [8] Use of undefined constant a - assumed 'a' D:\wamp\www\encms\Application\Home\Controller\IndexController.class.php 第 6 行.
INFO: [ view_parse ] --START--
INFO: [ template_filter ] --START--
INFO: Run Behavior\ContentReplaceBehavior [ RunTime:0.000101s ]
INFO: [ template_filter ] --END-- [ RunTime:0.000267s ]
INFO: Run Behavior\ParseTemplateBehavior [ RunTime:0.086344s ]
INFO: [ view_parse ] --END-- [ RunTime:0.086706s ]
INFO: [ view_filter ] --START--
INFO: Run Behavior\WriteHtmlCacheBehavior [ RunTime:0.001291s ]
INFO: [ view_filter ] --END-- [ RunTime:0.001522s ]
INFO: [ app_end ] --START--
INFO: Run Behavior\ShowPageTraceBehavior [ RunTime:0.001050s ]
INFO: [ app_end ] --END-- [ RunTime:0.001291s ]

[ 2015-05-21T16:21:04+08:00 ] ::1 /encms/
INFO: [ app_init ] --START--
INFO: Run Behavior\BuildLiteBehavior [ RunTime:0.000042s ]
INFO: [ app_init ] --END-- [ RunTime:0.001495s ]
INFO: [ app_begin ] --START--
INFO: Run Behavior\ReadHtmlCacheBehavior [ RunTime:0.001120s ]
INFO: [ app_begin ] --END-- [ RunTime:0.001416s ]
SQL: SHOW COLUMNS FROM `en_cate` [ RunTime:0.0131s ]
SQL: SELECT * FROM `en_cate` ORDER BY sort  [ RunTime:0.0003s ]

[ 2015-05-21T16:21:14+08:00 ] ::1 /encms/
INFO: [ app_init ] --START--
INFO: Run Behavior\BuildLiteBehavior [ RunTime:0.000041s ]
INFO: [ app_init ] --END-- [ RunTime:0.000875s ]
INFO: [ app_begin ] --START--
INFO: Run Behavior\ReadHtmlCacheBehavior [ RunTime:0.001442s ]
INFO: [ app_begin ] --END-- [ RunTime:0.001720s ]
SQL: SHOW COLUMNS FROM `en_cate` [ RunTime:0.0089s ]
SQL: SELECT * FROM `en_cate` ORDER BY sort  [ RunTime:0.0004s ]

[ 2015-05-21T16:21:15+08:00 ] ::1 /encms/
INFO: [ app_init ] --START--
INFO: Run Behavior\BuildLiteBehavior [ RunTime:0.000059s ]
INFO: [ app_init ] --END-- [ RunTime:0.000946s ]
INFO: [ app_begin ] --START--
INFO: Run Behavior\ReadHtmlCacheBehavior [ RunTime:0.001067s ]
INFO: [ app_begin ] --END-- [ RunTime:0.001244s ]
SQL: SHOW COLUMNS FROM `en_cate` [ RunTime:0.0096s ]
SQL: SELECT * FROM `en_cate` ORDER BY sort  [ RunTime:0.0005s ]

[ 2015-05-21T16:21:25+08:00 ] ::1 /encms/
INFO: [ app_init ] --START--
INFO: Run Behavior\BuildLiteBehavior [ RunTime:0.000038s ]
INFO: [ app_init ] --END-- [ RunTime:0.000791s ]
INFO: [ app_begin ] --START--
INFO: Run Behavior\ReadHtmlCacheBehavior [ RunTime:0.000971s ]
INFO: [ app_begin ] --END-- [ RunTime:0.001139s ]
SQL: SHOW COLUMNS FROM `en_cate` [ RunTime:0.0089s ]
SQL: SELECT * FROM `en_cate` ORDER BY sort  [ RunTime:0.0003s ]

[ 2015-05-21T16:21:35+08:00 ] ::1 /encms/
INFO: [ app_init ] --START--
INFO: Run Behavior\BuildLiteBehavior [ RunTime:0.000056s ]
INFO: [ app_init ] --END-- [ RunTime:0.001033s ]
INFO: [ app_begin ] --START--
INFO: Run Behavior\ReadHtmlCacheBehavior [ RunTime:0.001568s ]
INFO: [ app_begin ] --END-- [ RunTime:0.001811s ]
SQL: SHOW COLUMNS FROM `en_cate` [ RunTime:0.0122s ]
SQL: SELECT * FROM `en_cate` ORDER BY sort  [ RunTime:0.0004s ]

[ 2015-05-21T16:21:40+08:00 ] ::1 /encms/
INFO: [ app_init ] --START--
INFO: Run Behavior\BuildLiteBehavior [ RunTime:0.000036s ]
INFO: [ app_init ] --END-- [ RunTime:0.000794s ]
INFO: [ app_begin ] --START--
INFO: Run Behavior\ReadHtmlCacheBehavior [ RunTime:0.001840s ]
INFO: [ app_begin ] --END-- [ RunTime:0.002127s ]
SQL: SHOW COLUMNS FROM `en_cate` [ RunTime:0.0280s ]
SQL: SELECT * FROM `en_cate` ORDER BY sort  [ RunTime:0.0005s ]

[ 2015-05-21T16:21:52+08:00 ] ::1 /encms/
INFO: [ app_init ] --START--
INFO: Run Behavior\BuildLiteBehavior [ RunTime:0.000065s ]
INFO: [ app_init ] --END-- [ RunTime:0.001124s ]
INFO: [ app_begin ] --START--
INFO: Run Behavior\ReadHtmlCacheBehavior [ RunTime:0.001527s ]
INFO: [ app_begin ] --END-- [ RunTime:0.002427s ]
SQL: SHOW COLUMNS FROM `en_cate` [ RunTime:0.0092s ]
SQL: SELECT * FROM `en_cate` ORDER BY sort  [ RunTime:0.0003s ]

[ 2015-05-21T16:22:02+08:00 ] ::1 /encms/
INFO: [ app_init ] --START--
INFO: Run Behavior\BuildLiteBehavior [ RunTime:0.000043s ]
INFO: [ app_init ] --END-- [ RunTime:0.000770s ]
INFO: [ app_begin ] --START--
INFO: Run Behavior\ReadHtmlCacheBehavior [ RunTime:0.001613s ]
INFO: [ app_begin ] --END-- [ RunTime:0.001893s ]
SQL: SHOW COLUMNS FROM `en_cate` [ RunTime:0.0100s ]
SQL: SELECT * FROM `en_cate` ORDER BY sort  [ RunTime:0.0003s ]
INFO: [ view_parse ] --START--
INFO: [ template_filter ] --START--
INFO: Run Behavior\ContentReplaceBehavior [ RunTime:0.000112s ]
INFO: [ template_filter ] --END-- [ RunTime:0.000283s ]
INFO: Run Behavior\ParseTemplateBehavior [ RunTime:0.014465s ]
INFO: [ view_parse ] --END-- [ RunTime:0.014636s ]
INFO: [ view_filter ] --START--
INFO: Run Behavior\WriteHtmlCacheBehavior [ RunTime:0.000931s ]
INFO: [ view_filter ] --END-- [ RunTime:0.001078s ]
INFO: [ app_end ] --START--
INFO: Run Behavior\ShowPageTraceBehavior [ RunTime:0.001080s ]
INFO: [ app_end ] --END-- [ RunTime:0.001233s ]

[ 2015-05-21T16:22:09+08:00 ] ::1 /encms/
INFO: [ app_init ] --START--
INFO: Run Behavior\BuildLiteBehavior [ RunTime:0.000036s ]
INFO: [ app_init ] --END-- [ RunTime:0.000847s ]
INFO: [ app_begin ] --START--
INFO: Run Behavior\ReadHtmlCacheBehavior [ RunTime:0.001577s ]
INFO: [ app_begin ] --END-- [ RunTime:0.001927s ]
SQL: SHOW COLUMNS FROM `en_cate` [ RunTime:0.0088s ]
SQL: SELECT * FROM `en_cate` ORDER BY sort  [ RunTime:0.0003s ]
INFO: [ view_parse ] --START--
INFO: [ template_filter ] --START--
INFO: Run Behavior\ContentReplaceBehavior [ RunTime:0.000130s ]
INFO: [ template_filter ] --END-- [ RunTime:0.000330s ]
INFO: Run Behavior\ParseTemplateBehavior [ RunTime:0.014496s ]
INFO: [ view_parse ] --END-- [ RunTime:0.014692s ]
INFO: [ view_filter ] --START--
INFO: Run Behavior\WriteHtmlCacheBehavior [ RunTime:0.000797s ]
INFO: [ view_filter ] --END-- [ RunTime:0.000954s ]
INFO: [ app_end ] --START--
INFO: Run Behavior\ShowPageTraceBehavior [ RunTime:0.000970s ]
INFO: [ app_end ] --END-- [ RunTime:0.001129s ]

[ 2015-05-21T16:22:16+08:00 ] ::1 /encms/
INFO: [ app_init ] --START--
INFO: Run Behavior\BuildLiteBehavior [ RunTime:0.000070s ]
INFO: [ app_init ] --END-- [ RunTime:0.002324s ]
INFO: [ app_begin ] --START--
INFO: Run Behavior\ReadHtmlCacheBehavior [ RunTime:0.000925s ]
INFO: [ app_begin ] --END-- [ RunTime:0.001120s ]
SQL: SHOW COLUMNS FROM `en_cate` [ RunTime:0.0140s ]
SQL: SELECT * FROM `en_cate` ORDER BY sort  [ RunTime:0.0004s ]
INFO: [ view_parse ] --START--
INFO: [ template_filter ] --START--
INFO: Run Behavior\ContentReplaceBehavior [ RunTime:0.000186s ]
INFO: [ template_filter ] --END-- [ RunTime:0.000481s ]
INFO: Run Behavior\ParseTemplateBehavior [ RunTime:0.019200s ]
INFO: [ view_parse ] --END-- [ RunTime:0.019516s ]
INFO: [ view_filter ] --START--
INFO: Run Behavior\WriteHtmlCacheBehavior [ RunTime:0.001153s ]
INFO: [ view_filter ] --END-- [ RunTime:0.001454s ]
INFO: [ app_end ] --START--
INFO: Run Behavior\ShowPageTraceBehavior [ RunTime:0.001534s ]
INFO: [ app_end ] --END-- [ RunTime:0.001812s ]

[ 2015-05-21T16:31:45+08:00 ] ::1 /encms/
INFO: [ app_init ] --START--
INFO: Run Behavior\BuildLiteBehavior [ RunTime:0.000075s ]
INFO: [ app_init ] --END-- [ RunTime:0.001229s ]
INFO: [ app_begin ] --START--
INFO: Run Behavior\ReadHtmlCacheBehavior [ RunTime:0.000948s ]
INFO: [ app_begin ] --END-- [ RunTime:0.001106s ]
SQL: SHOW COLUMNS FROM `en_cate` [ RunTime:0.0269s ]
SQL: SELECT * FROM `en_cate` ORDER BY sort  [ RunTime:0.0005s ]
NOTIC: [8] Undefined variable: cate D:\wamp\www\encms\Application\Home\Controller\IndexController.class.php 第 7 行.
INFO: [ view_parse ] --START--
INFO: [ template_filter ] --START--
INFO: Run Behavior\ContentReplaceBehavior [ RunTime:0.000181s ]
INFO: [ template_filter ] --END-- [ RunTime:0.000461s ]
INFO: Run Behavior\ParseTemplateBehavior [ RunTime:0.021682s ]
INFO: [ view_parse ] --END-- [ RunTime:0.021937s ]
INFO: [ view_filter ] --START--
INFO: Run Behavior\WriteHtmlCacheBehavior [ RunTime:0.001241s ]
INFO: [ view_filter ] --END-- [ RunTime:0.001475s ]
INFO: [ app_end ] --START--
INFO: Run Behavior\ShowPageTraceBehavior [ RunTime:0.001046s ]
INFO: [ app_end ] --END-- [ RunTime:0.001208s ]

[ 2015-05-21T16:31:52+08:00 ] ::1 /encms/
INFO: [ app_init ] --START--
INFO: Run Behavior\BuildLiteBehavior [ RunTime:0.000061s ]
INFO: [ app_init ] --END-- [ RunTime:0.001119s ]
INFO: [ app_begin ] --START--
INFO: Run Behavior\ReadHtmlCacheBehavior [ RunTime:0.001183s ]
INFO: [ app_begin ] --END-- [ RunTime:0.001462s ]
SQL: SHOW COLUMNS FROM `en_cate` [ RunTime:0.0093s ]
SQL: SELECT * FROM `en_cate` ORDER BY sort  [ RunTime:0.0003s ]
NOTIC: [8] Undefined variable: cate D:\wamp\www\encms\Application\Home\Controller\IndexController.class.php 第 7 行.
INFO: [ view_parse ] --START--
INFO: [ template_filter ] --START--
INFO: Run Behavior\ContentReplaceBehavior [ RunTime:0.000117s ]
INFO: [ template_filter ] --END-- [ RunTime:0.000293s ]
INFO: Run Behavior\ParseTemplateBehavior [ RunTime:0.019543s ]
INFO: [ view_parse ] --END-- [ RunTime:0.019732s ]
INFO: [ view_filter ] --START--
INFO: Run Behavior\WriteHtmlCacheBehavior [ RunTime:0.000798s ]
INFO: [ view_filter ] --END-- [ RunTime:0.000953s ]
INFO: [ app_end ] --START--
INFO: Run Behavior\ShowPageTraceBehavior [ RunTime:0.001172s ]
INFO: [ app_end ] --END-- [ RunTime:0.001353s ]

[ 2015-05-21T16:32:39+08:00 ] ::1 /encms/
INFO: [ app_init ] --START--
INFO: Run Behavior\BuildLiteBehavior [ RunTime:0.000036s ]
INFO: [ app_init ] --END-- [ RunTime:0.000710s ]
INFO: [ app_begin ] --START--
INFO: Run Behavior\ReadHtmlCacheBehavior [ RunTime:0.001458s ]
INFO: [ app_begin ] --END-- [ RunTime:0.001721s ]
SQL: SHOW COLUMNS FROM `en_cate` [ RunTime:0.0093s ]
SQL: SELECT * FROM `en_cate` ORDER BY sort  [ RunTime:0.0003s ]
NOTIC: [8] Undefined variable: cate D:\wamp\www\encms\Application\Home\Controller\IndexController.class.php 第 7 行.
INFO: [ view_parse ] --START--
INFO: [ template_filter ] --START--
INFO: Run Behavior\ContentReplaceBehavior [ RunTime:0.000170s ]
INFO: [ template_filter ] --END-- [ RunTime:0.000426s ]
INFO: Run Behavior\ParseTemplateBehavior [ RunTime:0.013308s ]
INFO: [ view_parse ] --END-- [ RunTime:0.013488s ]
INFO: [ view_filter ] --START--
INFO: Run Behavior\WriteHtmlCacheBehavior [ RunTime:0.000874s ]
INFO: [ view_filter ] --END-- [ RunTime:0.001027s ]
INFO: [ app_end ] --START--
INFO: Run Behavior\ShowPageTraceBehavior [ RunTime:0.001067s ]
INFO: [ app_end ] --END-- [ RunTime:0.001222s ]

[ 2015-05-21T16:32:54+08:00 ] ::1 /encms/
INFO: [ app_init ] --START--
INFO: Run Behavior\BuildLiteBehavior [ RunTime:0.000070s ]
INFO: [ app_init ] --END-- [ RunTime:0.001463s ]
INFO: [ app_begin ] --START--
INFO: Run Behavior\ReadHtmlCacheBehavior [ RunTime:0.001374s ]
INFO: [ app_begin ] --END-- [ RunTime:0.001689s ]
SQL: SHOW COLUMNS FROM `en_cate` [ RunTime:0.0093s ]
SQL: SELECT * FROM `en_cate` ORDER BY sort  [ RunTime:0.0004s ]
INFO: [ view_parse ] --START--
INFO: [ template_filter ] --START--
INFO: Run Behavior\ContentReplaceBehavior [ RunTime:0.000113s ]
INFO: [ template_filter ] --END-- [ RunTime:0.000284s ]
INFO: Run Behavior\ParseTemplateBehavior [ RunTime:0.013608s ]
INFO: [ view_parse ] --END-- [ RunTime:0.013853s ]
INFO: [ view_filter ] --START--
INFO: Run Behavior\WriteHtmlCacheBehavior [ RunTime:0.000543s ]
INFO: [ view_filter ] --END-- [ RunTime:0.000704s ]
INFO: [ app_end ] --START--
INFO: Run Behavior\ShowPageTraceBehavior [ RunTime:0.000858s ]
INFO: [ app_end ] --END-- [ RunTime:0.001014s ]

[ 2015-05-21T16:35:27+08:00 ] ::1 /encms/
INFO: [ app_init ] --START--
INFO: Run Behavior\BuildLiteBehavior [ RunTime:0.000032s ]
INFO: [ app_init ] --END-- [ RunTime:0.000665s ]
INFO: [ app_begin ] --START--
INFO: Run Behavior\ReadHtmlCacheBehavior [ RunTime:0.001524s ]
INFO: [ app_begin ] --END-- [ RunTime:0.001853s ]
SQL: SHOW COLUMNS FROM `en_cate` [ RunTime:0.0107s ]
SQL: SELECT * FROM `en_cate` ORDER BY sort  [ RunTime:0.0004s ]
INFO: [ view_parse ] --START--
INFO: [ template_filter ] --START--
INFO: Run Behavior\ContentReplaceBehavior [ RunTime:0.000106s ]
INFO: [ template_filter ] --END-- [ RunTime:0.000273s ]
INFO: Run Behavior\ParseTemplateBehavior [ RunTime:0.027019s ]
INFO: [ view_parse ] --END-- [ RunTime:0.027209s ]
INFO: [ view_filter ] --START--
INFO: Run Behavior\WriteHtmlCacheBehavior [ RunTime:0.000706s ]
INFO: [ view_filter ] --END-- [ RunTime:0.000860s ]
INFO: [ app_end ] --START--
INFO: Run Behavior\ShowPageTraceBehavior [ RunTime:0.000906s ]
INFO: [ app_end ] --END-- [ RunTime:0.001056s ]

[ 2015-05-21T16:53:56+08:00 ] ::1 /encms/
INFO: [ app_init ] --START--
INFO: Run Behavior\BuildLiteBehavior [ RunTime:0.000069s ]
INFO: [ app_init ] --END-- [ RunTime:0.001226s ]
INFO: [ app_begin ] --START--
INFO: Run Behavior\ReadHtmlCacheBehavior [ RunTime:0.002350s ]
INFO: [ app_begin ] --END-- [ RunTime:0.002715s ]
SQL: SHOW COLUMNS FROM `en_cate` [ RunTime:0.0111s ]
SQL: SELECT * FROM `en_cate` ORDER BY sort  [ RunTime:0.0004s ]
INFO: [ view_parse ] --START--
INFO: [ template_filter ] --START--
INFO: Run Behavior\ContentReplaceBehavior [ RunTime:0.000285s ]
INFO: [ template_filter ] --END-- [ RunTime:0.000750s ]
INFO: Run Behavior\ParseTemplateBehavior [ RunTime:0.031642s ]
INFO: [ view_parse ] --END-- [ RunTime:0.032006s ]
INFO: [ view_filter ] --START--
INFO: Run Behavior\WriteHtmlCacheBehavior [ RunTime:0.000933s ]
INFO: [ view_filter ] --END-- [ RunTime:0.001083s ]
INFO: [ app_end ] --START--
INFO: Run Behavior\ShowPageTraceBehavior [ RunTime:0.001459s ]
INFO: [ app_end ] --END-- [ RunTime:0.001701s ]

[ 2015-05-21T16:53:58+08:00 ] ::1 /encms/index.php/Home/Index/CateList/id/11
INFO: [ app_init ] --START--
INFO: Run Behavior\BuildLiteBehavior [ RunTime:0.000052s ]
INFO: [ app_init ] --END-- [ RunTime:0.001094s ]
INFO: [ app_begin ] --START--
INFO: Run Behavior\ReadHtmlCacheBehavior [ RunTime:0.001120s ]
INFO: [ app_begin ] --END-- [ RunTime:0.001293s ]
SQL: SHOW COLUMNS FROM `en_blog` [ RunTime:0.0105s ]
SQL: SELECT * FROM `en_blog` WHERE ( id='11' ) LIMIT 1   [ RunTime:0.0004s ]
ERR: 模板不存在:./Application/Home/View/Index/CateList.html

[ 2015-05-21T16:54:24+08:00 ] ::1 /encms/index.php/Home/Index/CateList/id/11
INFO: [ app_init ] --START--
INFO: Run Behavior\BuildLiteBehavior [ RunTime:0.000035s ]
INFO: [ app_init ] --END-- [ RunTime:0.000900s ]
INFO: [ app_begin ] --START--
INFO: Run Behavior\ReadHtmlCacheBehavior [ RunTime:0.001399s ]
INFO: [ app_begin ] --END-- [ RunTime:0.001604s ]
SQL: SHOW COLUMNS FROM `en_blog` [ RunTime:0.0090s ]
SQL: SELECT * FROM `en_blog` WHERE ( id='11' ) LIMIT 1   [ RunTime:0.0003s ]
ERR: 模板不存在:./Application/Home/View/Index/CateList.html

[ 2015-05-21T16:54:26+08:00 ] ::1 /encms/index.php/Home/Index/CateList/id/11
INFO: [ app_init ] --START--
INFO: Run Behavior\BuildLiteBehavior [ RunTime:0.000054s ]
INFO: [ app_init ] --END-- [ RunTime:0.000901s ]
INFO: [ app_begin ] --START--
INFO: Run Behavior\ReadHtmlCacheBehavior [ RunTime:0.001193s ]
INFO: [ app_begin ] --END-- [ RunTime:0.001367s ]
SQL: SHOW COLUMNS FROM `en_blog` [ RunTime:0.0117s ]
SQL: SELECT * FROM `en_blog` WHERE ( id='11' ) LIMIT 1   [ RunTime:0.0004s ]
ERR: 模板不存在:./Application/Home/View/Index/CateList.html

[ 2015-05-21T16:54:42+08:00 ] ::1 /encms/index.php/Home/Index/CateList/id/11
INFO: [ app_init ] --START--
INFO: Run Behavior\BuildLiteBehavior [ RunTime:0.000060s ]
INFO: [ app_init ] --END-- [ RunTime:0.001011s ]
INFO: [ app_begin ] --START--
INFO: Run Behavior\ReadHtmlCacheBehavior [ RunTime:0.001713s ]
INFO: [ app_begin ] --END-- [ RunTime:0.002019s ]
SQL: SHOW COLUMNS FROM `en_blog` [ RunTime:0.0096s ]
SQL: SELECT * FROM `en_blog` WHERE ( id='11' ) LIMIT 1   [ RunTime:0.0003s ]
ERR: 模板不存在:./Application/Home/View/Index/CateList.html

[ 2015-05-21T16:55:28+08:00 ] ::1 /encms/index.php/Home/Index/CateList/id/11
INFO: [ app_init ] --START--
INFO: Run Behavior\BuildLiteBehavior [ RunTime:0.000035s ]
INFO: [ app_init ] --END-- [ RunTime:0.000786s ]
INFO: [ app_begin ] --START--
INFO: Run Behavior\ReadHtmlCacheBehavior [ RunTime:0.001157s ]
INFO: [ app_begin ] --END-- [ RunTime:0.001350s ]
SQL: SHOW COLUMNS FROM `en_blog` [ RunTime:0.0102s ]
SQL: SELECT * FROM `en_blog` WHERE ( id='11' ) LIMIT 1   [ RunTime:0.0003s ]
ERR: 模板不存在:./Application/Home/View/Index/CateList.html

[ 2015-05-21T16:55:46+08:00 ] ::1 /encms/index.php/Home/Index/CateList/id/11
INFO: [ app_init ] --START--
INFO: Run Behavior\BuildLiteBehavior [ RunTime:0.000034s ]
INFO: [ app_init ] --END-- [ RunTime:0.000731s ]
INFO: [ app_begin ] --START--
INFO: Run Behavior\ReadHtmlCacheBehavior [ RunTime:0.002500s ]
INFO: [ app_begin ] --END-- [ RunTime:0.002854s ]
SQL: SHOW COLUMNS FROM `en_blog` [ RunTime:0.0261s ]
SQL: SELECT * FROM `en_blog` WHERE ( id='11' ) LIMIT 1   [ RunTime:0.0004s ]
ERR: 模板不存在:./Application/Home/View/Index/CateList.html

[ 2015-05-21T16:55:48+08:00 ] ::1 /encms/index.php/Home/Index/CateList/id/11
INFO: [ app_init ] --START--
INFO: Run Behavior\BuildLiteBehavior [ RunTime:0.000037s ]
INFO: [ app_init ] --END-- [ RunTime:0.000865s ]
INFO: [ app_begin ] --START--
INFO: Run Behavior\ReadHtmlCacheBehavior [ RunTime:0.001358s ]
INFO: [ app_begin ] --END-- [ RunTime:0.001637s ]
SQL: SHOW COLUMNS FROM `en_blog` [ RunTime:0.0093s ]
SQL: SELECT * FROM `en_blog` WHERE ( id='11' ) LIMIT 1   [ RunTime:0.0003s ]
ERR: 模板不存在:./Application/Home/View/Index/CateList.html

[ 2015-05-21T16:55:56+08:00 ] ::1 /encms/index.php/Home/Index/CateList/id/12
INFO: [ app_init ] --START--
INFO: Run Behavior\BuildLiteBehavior [ RunTime:0.000063s ]
INFO: [ app_init ] --END-- [ RunTime:0.001262s ]
INFO: [ app_begin ] --START--
INFO: Run Behavior\ReadHtmlCacheBehavior [ RunTime:0.001374s ]
INFO: [ app_begin ] --END-- [ RunTime:0.001560s ]
SQL: SHOW COLUMNS FROM `en_blog` [ RunTime:0.0106s ]
SQL: SELECT * FROM `en_blog` WHERE ( id='12' ) LIMIT 1   [ RunTime:0.0005s ]
ERR: 模板不存在:./Application/Home/View/Index/CateList.html

[ 2015-05-21T16:56:22+08:00 ] ::1 /encms/
INFO: [ app_init ] --START--
INFO: Run Behavior\BuildLiteBehavior [ RunTime:0.000053s ]
INFO: [ app_init ] --END-- [ RunTime:0.000819s ]
INFO: [ app_begin ] --START--
INFO: Run Behavior\ReadHtmlCacheBehavior [ RunTime:0.000971s ]
INFO: [ app_begin ] --END-- [ RunTime:0.001146s ]
SQL: SHOW COLUMNS FROM `en_cate` [ RunTime:0.0114s ]
SQL: SELECT * FROM `en_cate` ORDER BY sort  [ RunTime:0.0005s ]
INFO: [ view_parse ] --START--
INFO: [ template_filter ] --START--
INFO: Run Behavior\ContentReplaceBehavior [ RunTime:0.000111s ]
INFO: [ template_filter ] --END-- [ RunTime:0.000275s ]
INFO: Run Behavior\ParseTemplateBehavior [ RunTime:0.017850s ]
INFO: [ view_parse ] --END-- [ RunTime:0.018246s ]
INFO: [ view_filter ] --START--
INFO: Run Behavior\WriteHtmlCacheBehavior [ RunTime:0.001360s ]
INFO: [ view_filter ] --END-- [ RunTime:0.001583s ]
INFO: [ app_end ] --START--
INFO: Run Behavior\ShowPageTraceBehavior [ RunTime:0.000951s ]
INFO: [ app_end ] --END-- [ RunTime:0.001103s ]

[ 2015-05-21T16:56:22+08:00 ] ::1 /encms/index.php/Home/Index/CateList/id/11
INFO: [ app_init ] --START--
INFO: Run Behavior\BuildLiteBehavior [ RunTime:0.000035s ]
INFO: [ app_init ] --END-- [ RunTime:0.000755s ]
INFO: [ app_begin ] --START--
INFO: Run Behavior\ReadHtmlCacheBehavior [ RunTime:0.001357s ]
INFO: [ app_begin ] --END-- [ RunTime:0.001551s ]
SQL: SHOW COLUMNS FROM `en_blog` [ RunTime:0.0071s ]
SQL: SELECT * FROM `en_blog` WHERE ( id='11' ) LIMIT 1   [ RunTime:0.0003s ]
ERR: 模板不存在:./Application/Home/View/Index/CateList.html

[ 2015-05-21T16:56:47+08:00 ] ::1 /encms/index.php/Home/Index/CateList/id/11
INFO: [ app_init ] --START--
INFO: Run Behavior\BuildLiteBehavior [ RunTime:0.000036s ]
INFO: [ app_init ] --END-- [ RunTime:0.000665s ]
INFO: [ app_begin ] --START--
INFO: Run Behavior\ReadHtmlCacheBehavior [ RunTime:0.001040s ]
INFO: [ app_begin ] --END-- [ RunTime:0.001200s ]
SQL: SHOW COLUMNS FROM `en_blog` [ RunTime:0.0095s ]
SQL: SELECT * FROM `en_blog` WHERE ( id='11' ) LIMIT 1   [ RunTime:0.0004s ]
ERR: 模板不存在:./Application/Home/View/Index/CateList.html

[ 2015-05-21T16:56:50+08:00 ] ::1 /encms/index.php/Home/Index/CateList/id/11
INFO: [ app_init ] --START--
INFO: Run Behavior\BuildLiteBehavior [ RunTime:0.000034s ]
INFO: [ app_init ] --END-- [ RunTime:0.000704s ]
INFO: [ app_begin ] --START--
INFO: Run Behavior\ReadHtmlCacheBehavior [ RunTime:0.001469s ]
INFO: [ app_begin ] --END-- [ RunTime:0.001659s ]
SQL: SHOW COLUMNS FROM `en_blog` [ RunTime:0.0094s ]
SQL: SELECT * FROM `en_blog` WHERE ( id='11' ) LIMIT 1   [ RunTime:0.0004s ]
ERR: 模板不存在:./Application/Home/View/Index/CateList.html

[ 2015-05-21T16:57:25+08:00 ] ::1 /encms/index.php/Home/Index/CateList/id/11
INFO: [ app_init ] --START--
INFO: Run Behavior\BuildLiteBehavior [ RunTime:0.000060s ]
INFO: [ app_init ] --END-- [ RunTime:0.001096s ]
INFO: [ app_begin ] --START--
INFO: Run Behavior\ReadHtmlCacheBehavior [ RunTime:0.001413s ]
INFO: [ app_begin ] --END-- [ RunTime:0.001733s ]
SQL: SHOW COLUMNS FROM `en_blog` [ RunTime:0.0124s ]
SQL: SELECT * FROM `en_blog` WHERE ( id='11' ) LIMIT 1   [ RunTime:0.0003s ]
ERR: 模板不存在:./Application/Home/View/Index/CateList.html

[ 2015-05-21T16:58:12+08:00 ] ::1 /encms/index.php/Home/Index/CateList/id/11
INFO: [ app_init ] --START--
INFO: Run Behavior\BuildLiteBehavior [ RunTime:0.000038s ]
INFO: [ app_init ] --END-- [ RunTime:0.000773s ]
INFO: [ app_begin ] --START--
INFO: Run Behavior\ReadHtmlCacheBehavior [ RunTime:0.001030s ]
INFO: [ app_begin ] --END-- [ RunTime:0.001259s ]
SQL: SHOW COLUMNS FROM `en_blog` [ RunTime:0.0111s ]
SQL: SELECT * FROM `en_blog` WHERE ( id='11' ) LIMIT 1   [ RunTime:0.0004s ]
NOTIC: [8] Use of undefined constant CateList - assumed 'CateList' D:\wamp\www\encms\Application\Home\Controller\IndexController.class.php 第 12 行.
ERR: 模板不存在:./Application/Home/View/Index/CateList.html

[ 2015-05-21T16:58:13+08:00 ] ::1 /encms/index.php/Home/Index/CateList/id/11
INFO: [ app_init ] --START--
INFO: Run Behavior\BuildLiteBehavior [ RunTime:0.000072s ]
INFO: [ app_init ] --END-- [ RunTime:0.001143s ]
INFO: [ app_begin ] --START--
INFO: Run Behavior\ReadHtmlCacheBehavior [ RunTime:0.001001s ]
INFO: [ app_begin ] --END-- [ RunTime:0.001257s ]
SQL: SHOW COLUMNS FROM `en_blog` [ RunTime:0.0096s ]
SQL: SELECT * FROM `en_blog` WHERE ( id='11' ) LIMIT 1   [ RunTime:0.0008s ]
NOTIC: [8] Use of undefined constant CateList - assumed 'CateList' D:\wamp\www\encms\Application\Home\Controller\IndexController.class.php 第 12 行.
ERR: 模板不存在:./Application/Home/View/Index/CateList.html

[ 2015-05-21T16:58:13+08:00 ] ::1 /encms/index.php/Home/Index/CateList/id/11
INFO: [ app_init ] --START--
INFO: Run Behavior\BuildLiteBehavior [ RunTime:0.000047s ]
INFO: [ app_init ] --END-- [ RunTime:0.000923s ]
INFO: [ app_begin ] --START--
INFO: Run Behavior\ReadHtmlCacheBehavior [ RunTime:0.000745s ]
INFO: [ app_begin ] --END-- [ RunTime:0.000933s ]
SQL: SHOW COLUMNS FROM `en_blog` [ RunTime:0.0052s ]
SQL: SELECT * FROM `en_blog` WHERE ( id='11' ) LIMIT 1   [ RunTime:0.0003s ]
NOTIC: [8] Use of undefined constant CateList - assumed 'CateList' D:\wamp\www\encms\Application\Home\Controller\IndexController.class.php 第 12 行.
ERR: 模板不存在:./Application/Home/View/Index/CateList.html

[ 2015-05-21T16:58:13+08:00 ] ::1 /encms/index.php/Home/Index/CateList/id/11
INFO: [ app_init ] --START--
INFO: Run Behavior\BuildLiteBehavior [ RunTime:0.000036s ]
INFO: [ app_init ] --END-- [ RunTime:0.000676s ]
INFO: [ app_begin ] --START--
INFO: Run Behavior\ReadHtmlCacheBehavior [ RunTime:0.001074s ]
INFO: [ app_begin ] --END-- [ RunTime:0.001275s ]
SQL: SHOW COLUMNS FROM `en_blog` [ RunTime:0.0077s ]
SQL: SELECT * FROM `en_blog` WHERE ( id='11' ) LIMIT 1   [ RunTime:0.0004s ]
NOTIC: [8] Use of undefined constant CateList - assumed 'CateList' D:\wamp\www\encms\Application\Home\Controller\IndexController.class.php 第 12 行.
ERR: 模板不存在:./Application/Home/View/Index/CateList.html

[ 2015-05-21T16:58:13+08:00 ] ::1 /encms/index.php/Home/Index/CateList/id/11
INFO: [ app_init ] --START--
INFO: Run Behavior\BuildLiteBehavior [ RunTime:0.000090s ]
INFO: [ app_init ] --END-- [ RunTime:0.001038s ]
INFO: [ app_begin ] --START--
INFO: Run Behavior\ReadHtmlCacheBehavior [ RunTime:0.001334s ]
INFO: [ app_begin ] --END-- [ RunTime:0.001604s ]
SQL: SHOW COLUMNS FROM `en_blog` [ RunTime:0.0058s ]
SQL: SELECT * FROM `en_blog` WHERE ( id='11' ) LIMIT 1   [ RunTime:0.0004s ]
NOTIC: [8] Use of undefined constant CateList - assumed 'CateList' D:\wamp\www\encms\Application\Home\Controller\IndexController.class.php 第 12 行.
ERR: 模板不存在:./Application/Home/View/Index/CateList.html

[ 2015-05-21T16:58:14+08:00 ] ::1 /encms/index.php/Home/Index/CateList/id/11
INFO: [ app_init ] --START--
INFO: Run Behavior\BuildLiteBehavior [ RunTime:0.000035s ]
INFO: [ app_init ] --END-- [ RunTime:0.000708s ]
INFO: [ app_begin ] --START--
INFO: Run Behavior\ReadHtmlCacheBehavior [ RunTime:0.000663s ]
INFO: [ app_begin ] --END-- [ RunTime:0.000838s ]
SQL: SHOW COLUMNS FROM `en_blog` [ RunTime:0.0110s ]
SQL: SELECT * FROM `en_blog` WHERE ( id='11' ) LIMIT 1   [ RunTime:0.0003s ]
NOTIC: [8] Use of undefined constant CateList - assumed 'CateList' D:\wamp\www\encms\Application\Home\Controller\IndexController.class.php 第 12 行.
ERR: 模板不存在:./Application/Home/View/Index/CateList.html

[ 2015-05-21T16:58:36+08:00 ] ::1 /encms/index.php/Home/Index/CateList/11
INFO: [ app_init ] --START--
INFO: Run Behavior\BuildLiteBehavior [ RunTime:0.000037s ]
INFO: [ app_init ] --END-- [ RunTime:0.000721s ]
INFO: [ app_begin ] --START--
INFO: Run Behavior\ReadHtmlCacheBehavior [ RunTime:0.000714s ]
INFO: [ app_begin ] --END-- [ RunTime:0.000889s ]
NOTIC: [8] Undefined index: id D:\wamp\www\encms\Application\Home\Controller\IndexController.class.php 第 10 行.
SQL: SHOW COLUMNS FROM `en_blog` [ RunTime:0.0087s ]
SQL: SELECT * FROM `en_blog` WHERE ( id='' ) LIMIT 1   [ RunTime:0.0003s ]
NOTIC: [8] Use of undefined constant CateList - assumed 'CateList' D:\wamp\www\encms\Application\Home\Controller\IndexController.class.php 第 12 行.
ERR: 模板不存在:./Application/Home/View/Index/CateList.html

[ 2015-05-21T16:58:38+08:00 ] ::1 /encms/index.php/Home/Index/CateList/11
INFO: [ app_init ] --START--
INFO: Run Behavior\BuildLiteBehavior [ RunTime:0.000038s ]
INFO: [ app_init ] --END-- [ RunTime:0.000797s ]
INFO: [ app_begin ] --START--
INFO: Run Behavior\ReadHtmlCacheBehavior [ RunTime:0.000847s ]
INFO: [ app_begin ] --END-- [ RunTime:0.001122s ]
NOTIC: [8] Undefined index: id D:\wamp\www\encms\Application\Home\Controller\IndexController.class.php 第 10 行.
SQL: SHOW COLUMNS FROM `en_blog` [ RunTime:0.0100s ]
SQL: SELECT * FROM `en_blog` WHERE ( id='' ) LIMIT 1   [ RunTime:0.0003s ]
NOTIC: [8] Use of undefined constant CateList - assumed 'CateList' D:\wamp\www\encms\Application\Home\Controller\IndexController.class.php 第 12 行.
ERR: 模板不存在:./Application/Home/View/Index/CateList.html

[ 2015-05-21T16:58:43+08:00 ] ::1 /encms/index.php/Home/CateList/11
INFO: [ app_init ] --START--
INFO: Run Behavior\BuildLiteBehavior [ RunTime:0.000044s ]
INFO: [ app_init ] --END-- [ RunTime:0.000990s ]
INFO: [ app_begin ] --START--
INFO: Run Behavior\ReadHtmlCacheBehavior [ RunTime:0.000705s ]
INFO: [ app_begin ] --END-- [ RunTime:0.000912s ]
ERR: 无法加载控制器:CateList

[ 2015-05-21T16:58:48+08:00 ] ::1 /encms/index.php/Home/CateList/id/11
INFO: [ app_init ] --START--
INFO: Run Behavior\BuildLiteBehavior [ RunTime:0.000036s ]
INFO: [ app_init ] --END-- [ RunTime:0.000806s ]
INFO: [ app_begin ] --START--
INFO: Run Behavior\ReadHtmlCacheBehavior [ RunTime:0.000888s ]
INFO: [ app_begin ] --END-- [ RunTime:0.001207s ]
ERR: 无法加载控制器:CateList

[ 2015-05-21T16:58:51+08:00 ] ::1 /encms/index.php/Home/CateList/id/11
INFO: [ app_init ] --START--
INFO: Run Behavior\BuildLiteBehavior [ RunTime:0.000036s ]
INFO: [ app_init ] --END-- [ RunTime:0.000741s ]
INFO: [ app_begin ] --START--
INFO: Run Behavior\ReadHtmlCacheBehavior [ RunTime:0.001001s ]
INFO: [ app_begin ] --END-- [ RunTime:0.001259s ]
ERR: 无法加载控制器:CateList

[ 2015-05-21T16:59:02+08:00 ] ::1 /encms/index.php/Home/index.php/CateList/id/11
INFO: [ app_init ] --START--
INFO: Run Behavior\BuildLiteBehavior [ RunTime:0.000117s ]
INFO: [ app_init ] --END-- [ RunTime:0.001095s ]
INFO: [ app_begin ] --START--
INFO: Run Behavior\ReadHtmlCacheBehavior [ RunTime:0.000668s ]
INFO: [ app_begin ] --END-- [ RunTime:0.000837s ]
ERR: 无法加载控制器:Index.php

[ 2015-05-21T16:59:17+08:00 ] ::1 /encms/index.php/Home/CateList/id/11
INFO: [ app_init ] --START--
INFO: Run Behavior\BuildLiteBehavior [ RunTime:0.000036s ]
INFO: [ app_init ] --END-- [ RunTime:0.000746s ]
INFO: [ app_begin ] --START--
INFO: Run Behavior\ReadHtmlCacheBehavior [ RunTime:0.000795s ]
INFO: [ app_begin ] --END-- [ RunTime:0.001021s ]
ERR: 无法加载控制器:CateList

[ 2015-05-21T17:00:38+08:00 ] ::1 /encms/index.php/Home/CateList/id/11
INFO: [ app_init ] --START--
INFO: Run Behavior\BuildLiteBehavior [ RunTime:0.000036s ]
INFO: [ app_init ] --END-- [ RunTime:0.000838s ]
INFO: [ app_begin ] --START--
INFO: Run Behavior\ReadHtmlCacheBehavior [ RunTime:0.001563s ]
INFO: [ app_begin ] --END-- [ RunTime:0.001838s ]
ERR: 无法加载控制器:CateList

[ 2015-05-21T17:00:41+08:00 ] ::1 /encms/index.php/Home/index.php/CateList/id/11
INFO: [ app_init ] --START--
INFO: Run Behavior\BuildLiteBehavior [ RunTime:0.000064s ]
INFO: [ app_init ] --END-- [ RunTime:0.001007s ]
INFO: [ app_begin ] --START--
INFO: Run Behavior\ReadHtmlCacheBehavior [ RunTime:0.000879s ]
INFO: [ app_begin ] --END-- [ RunTime:0.001117s ]
ERR: 无法加载控制器:Index.php

[ 2015-05-21T17:00:41+08:00 ] ::1 /encms/index.php/Home/CateList/id/11
INFO: [ app_init ] --START--
INFO: Run Behavior\BuildLiteBehavior [ RunTime:0.000035s ]
INFO: [ app_init ] --END-- [ RunTime:0.000700s ]
INFO: [ app_begin ] --START--
INFO: Run Behavior\ReadHtmlCacheBehavior [ RunTime:0.001224s ]
INFO: [ app_begin ] --END-- [ RunTime:0.001558s ]
ERR: 无法加载控制器:CateList

[ 2015-05-21T17:00:42+08:00 ] ::1 /encms/index.php/Home/CateList/11
INFO: [ app_init ] --START--
INFO: Run Behavior\BuildLiteBehavior [ RunTime:0.000033s ]
INFO: [ app_init ] --END-- [ RunTime:0.000688s ]
INFO: [ app_begin ] --START--
INFO: Run Behavior\ReadHtmlCacheBehavior [ RunTime:0.000686s ]
INFO: [ app_begin ] --END-- [ RunTime:0.000910s ]
ERR: 无法加载控制器:CateList

[ 2015-05-21T17:00:43+08:00 ] ::1 /encms/index.php/Home/Index/CateList/11
INFO: [ app_init ] --START--
INFO: Run Behavior\BuildLiteBehavior [ RunTime:0.000038s ]
INFO: [ app_init ] --END-- [ RunTime:0.000937s ]
INFO: [ app_begin ] --START--
INFO: Run Behavior\ReadHtmlCacheBehavior [ RunTime:0.000816s ]
INFO: [ app_begin ] --END-- [ RunTime:0.001065s ]
NOTIC: [8] Undefined index: id D:\wamp\www\encms\Application\Home\Controller\IndexController.class.php 第 10 行.
SQL: SHOW COLUMNS FROM `en_blog` [ RunTime:0.0114s ]
SQL: SELECT * FROM `en_blog` WHERE ( cid='' ) LIMIT 1   [ RunTime:0.0333s ]
ERR: 模板不存在:./Application/Home/View/Index/CateList.html

[ 2015-05-21T17:00:43+08:00 ] ::1 /encms/index.php/Home/Index/CateList/id/11
INFO: [ app_init ] --START--
INFO: Run Behavior\BuildLiteBehavior [ RunTime:0.000059s ]
INFO: [ app_init ] --END-- [ RunTime:0.000924s ]
INFO: [ app_begin ] --START--
INFO: Run Behavior\ReadHtmlCacheBehavior [ RunTime:0.001106s ]
INFO: [ app_begin ] --END-- [ RunTime:0.001296s ]
SQL: SHOW COLUMNS FROM `en_blog` [ RunTime:0.0074s ]
SQL: SELECT * FROM `en_blog` WHERE ( cid='11' ) LIMIT 1   [ RunTime:0.0004s ]
ERR: 模板不存在:./Application/Home/View/Index/CateList.html

[ 2015-05-21T17:00:46+08:00 ] ::1 /encms/index.php/Home/Index/CateList/id/11
INFO: [ app_init ] --START--
INFO: Run Behavior\BuildLiteBehavior [ RunTime:0.000039s ]
INFO: [ app_init ] --END-- [ RunTime:0.000775s ]
INFO: [ app_begin ] --START--
INFO: Run Behavior\ReadHtmlCacheBehavior [ RunTime:0.001235s ]
INFO: [ app_begin ] --END-- [ RunTime:0.001600s ]
SQL: SHOW COLUMNS FROM `en_blog` [ RunTime:0.0091s ]
SQL: SELECT * FROM `en_blog` WHERE ( cid='11' ) LIMIT 1   [ RunTime:0.0004s ]
ERR: 模板不存在:./Application/Home/View/Index/CateList.html

[ 2015-05-21T17:01:04+08:00 ] ::1 /encms/index.php/Home/Index/CateList/id/11
INFO: [ app_init ] --START--
INFO: Run Behavior\BuildLiteBehavior [ RunTime:0.000037s ]
INFO: [ app_init ] --END-- [ RunTime:0.000751s ]
INFO: [ app_begin ] --START--
INFO: Run Behavior\ReadHtmlCacheBehavior [ RunTime:0.001354s ]
INFO: [ app_begin ] --END-- [ RunTime:0.002222s ]
SQL: SHOW COLUMNS FROM `en_blog` [ RunTime:0.0107s ]
SQL: SELECT * FROM `en_blog` WHERE ( cid='11' ) LIMIT 1   [ RunTime:0.0005s ]
ERR: 模板不存在:./Application/Home/View/Index/CateList.html

[ 2015-05-21T17:01:06+08:00 ] ::1 /encms/
INFO: [ app_init ] --START--
INFO: Run Behavior\BuildLiteBehavior [ RunTime:0.000037s ]
INFO: [ app_init ] --END-- [ RunTime:0.000768s ]
INFO: [ app_begin ] --START--
INFO: Run Behavior\ReadHtmlCacheBehavior [ RunTime:0.000686s ]
INFO: [ app_begin ] --END-- [ RunTime:0.000847s ]
SQL: SHOW COLUMNS FROM `en_cate` [ RunTime:0.0111s ]
SQL: SELECT * FROM `en_cate` ORDER BY sort  [ RunTime:0.0004s ]
INFO: [ view_parse ] --START--
INFO: [ template_filter ] --START--
INFO: Run Behavior\ContentReplaceBehavior [ RunTime:0.000207s ]
INFO: [ template_filter ] --END-- [ RunTime:0.000504s ]
INFO: Run Behavior\ParseTemplateBehavior [ RunTime:0.022470s ]
INFO: [ view_parse ] --END-- [ RunTime:0.022649s ]
INFO: [ view_filter ] --START--
INFO: Run Behavior\WriteHtmlCacheBehavior [ RunTime:0.000832s ]
INFO: [ view_filter ] --END-- [ RunTime:0.001029s ]
INFO: [ app_end ] --START--
INFO: Run Behavior\ShowPageTraceBehavior [ RunTime:0.001383s ]
INFO: [ app_end ] --END-- [ RunTime:0.002213s ]

[ 2015-05-21T17:01:06+08:00 ] ::1 /encms/index.php/Home/Index/CateList/id/11
INFO: [ app_init ] --START--
INFO: Run Behavior\BuildLiteBehavior [ RunTime:0.000037s ]
INFO: [ app_init ] --END-- [ RunTime:0.000724s ]
INFO: [ app_begin ] --START--
INFO: Run Behavior\ReadHtmlCacheBehavior [ RunTime:0.001442s ]
INFO: [ app_begin ] --END-- [ RunTime:0.001653s ]
SQL: SHOW COLUMNS FROM `en_blog` [ RunTime:0.0086s ]
SQL: SELECT * FROM `en_blog` WHERE ( cid='11' ) LIMIT 1   [ RunTime:0.0003s ]
ERR: 模板不存在:./Application/Home/View/Index/CateList.html

[ 2015-05-21T17:01:39+08:00 ] ::1 /encms/
INFO: [ app_init ] --START--
INFO: Run Behavior\BuildLiteBehavior [ RunTime:0.000091s ]
INFO: [ app_init ] --END-- [ RunTime:0.001462s ]
INFO: [ app_begin ] --START--
INFO: Run Behavior\ReadHtmlCacheBehavior [ RunTime:0.001928s ]
INFO: [ app_begin ] --END-- [ RunTime:0.002245s ]
SQL: SHOW COLUMNS FROM `en_cate` [ RunTime:0.0124s ]
SQL: SELECT * FROM `en_cate` ORDER BY sort  [ RunTime:0.0006s ]
INFO: [ view_parse ] --START--
INFO: [ template_filter ] --START--
INFO: Run Behavior\ContentReplaceBehavior [ RunTime:0.000233s ]
INFO: [ template_filter ] --END-- [ RunTime:0.000653s ]
INFO: Run Behavior\ParseTemplateBehavior [ RunTime:0.024184s ]
INFO: [ view_parse ] --END-- [ RunTime:0.024466s ]
INFO: [ view_filter ] --START--
INFO: Run Behavior\WriteHtmlCacheBehavior [ RunTime:0.000951s ]
INFO: [ view_filter ] --END-- [ RunTime:0.001126s ]
INFO: [ app_end ] --START--
INFO: Run Behavior\ShowPageTraceBehavior [ RunTime:0.001155s ]
INFO: [ app_end ] --END-- [ RunTime:0.001318s ]

[ 2015-05-21T17:01:41+08:00 ] ::1 /encms/index.php/Home/Index/CateList/id/11
INFO: [ app_init ] --START--
INFO: Run Behavior\BuildLiteBehavior [ RunTime:0.000065s ]
INFO: [ app_init ] --END-- [ RunTime:0.000962s ]
INFO: [ app_begin ] --START--
INFO: Run Behavior\ReadHtmlCacheBehavior [ RunTime:0.001074s ]
INFO: [ app_begin ] --END-- [ RunTime:0.001341s ]
SQL: SHOW COLUMNS FROM `en_blog` [ RunTime:0.0114s ]
SQL: SELECT * FROM `en_blog` WHERE ( cid='11' ) LIMIT 1   [ RunTime:0.0004s ]
ERR: 模板不存在:./Application/Home/View/Index/CateList.html

[ 2015-05-21T17:02:35+08:00 ] ::1 /encms/index.php/Home/Index/CateList/id/11
INFO: [ app_init ] --START--
INFO: Run Behavior\BuildLiteBehavior [ RunTime:0.000035s ]
INFO: [ app_init ] --END-- [ RunTime:0.000810s ]
INFO: [ app_begin ] --START--
INFO: Run Behavior\ReadHtmlCacheBehavior [ RunTime:0.000992s ]
INFO: [ app_begin ] --END-- [ RunTime:0.001151s ]
SQL: SHOW COLUMNS FROM `en_blog` [ RunTime:0.0094s ]
SQL: SELECT * FROM `en_blog` WHERE ( cid='11' ) LIMIT 1   [ RunTime:0.0004s ]
ERR: 模板不存在:./Application/Home/View/Index/CateList.html

[ 2015-05-21T17:02:48+08:00 ] ::1 /encms/
INFO: [ app_init ] --START--
INFO: Run Behavior\BuildLiteBehavior [ RunTime:0.000033s ]
INFO: [ app_init ] --END-- [ RunTime:0.000701s ]
INFO: [ app_begin ] --START--
INFO: Run Behavior\ReadHtmlCacheBehavior [ RunTime:0.000905s ]
INFO: [ app_begin ] --END-- [ RunTime:0.001076s ]
SQL: SHOW COLUMNS FROM `en_cate` [ RunTime:0.0096s ]
SQL: SELECT * FROM `en_cate` ORDER BY sort  [ RunTime:0.0004s ]
INFO: [ view_parse ] --START--
INFO: [ template_filter ] --START--
INFO: Run Behavior\ContentReplaceBehavior [ RunTime:0.000172s ]
INFO: [ template_filter ] --END-- [ RunTime:0.000452s ]
INFO: Run Behavior\ParseTemplateBehavior [ RunTime:0.014471s ]
INFO: [ view_parse ] --END-- [ RunTime:0.014770s ]
INFO: [ view_filter ] --START--
INFO: Run Behavior\WriteHtmlCacheBehavior [ RunTime:0.001044s ]
INFO: [ view_filter ] --END-- [ RunTime:0.001290s ]
INFO: [ app_end ] --START--
INFO: Run Behavior\ShowPageTraceBehavior [ RunTime:0.000967s ]
INFO: [ app_end ] --END-- [ RunTime:0.001130s ]

[ 2015-05-21T17:02:56+08:00 ] ::1 /encms/
INFO: [ app_init ] --START--
INFO: Run Behavior\BuildLiteBehavior [ RunTime:0.000044s ]
INFO: [ app_init ] --END-- [ RunTime:0.000945s ]
INFO: [ app_begin ] --START--
INFO: Run Behavior\ReadHtmlCacheBehavior [ RunTime:0.001968s ]
INFO: [ app_begin ] --END-- [ RunTime:0.002267s ]
SQL: SHOW COLUMNS FROM `en_cate` [ RunTime:0.0093s ]
SQL: SELECT * FROM `en_cate` ORDER BY sort  [ RunTime:0.0003s ]
INFO: [ view_parse ] --START--
INFO: [ template_filter ] --START--
INFO: Run Behavior\ContentReplaceBehavior [ RunTime:0.000111s ]
INFO: [ template_filter ] --END-- [ RunTime:0.000284s ]
INFO: Run Behavior\ParseTemplateBehavior [ RunTime:0.017617s ]
INFO: [ view_parse ] --END-- [ RunTime:0.017811s ]
INFO: [ view_filter ] --START--
INFO: Run Behavior\WriteHtmlCacheBehavior [ RunTime:0.001124s ]
INFO: [ view_filter ] --END-- [ RunTime:0.001285s ]
INFO: [ app_end ] --START--
INFO: Run Behavior\ShowPageTraceBehavior [ RunTime:0.001117s ]
INFO: [ app_end ] --END-- [ RunTime:0.001270s ]

[ 2015-05-21T17:02:57+08:00 ] ::1 /encms/index.php/Home/Index/CateList/id/11
INFO: [ app_init ] --START--
INFO: Run Behavior\BuildLiteBehavior [ RunTime:0.000045s ]
INFO: [ app_init ] --END-- [ RunTime:0.000852s ]
INFO: [ app_begin ] --START--
INFO: Run Behavior\ReadHtmlCacheBehavior [ RunTime:0.001004s ]
INFO: [ app_begin ] --END-- [ RunTime:0.001161s ]
SQL: SHOW COLUMNS FROM `en_blog` [ RunTime:0.0106s ]
SQL: SELECT * FROM `en_blog` WHERE ( cid='11' ) LIMIT 1   [ RunTime:0.0004s ]
ERR: 模板不存在:./Application/Home/View/Index/CateList.html

[ 2015-05-21T17:03:21+08:00 ] ::1 /encms/index.php/Home/Index/CateList/id/11
INFO: [ app_init ] --START--
INFO: Run Behavior\BuildLiteBehavior [ RunTime:0.000037s ]
INFO: [ app_init ] --END-- [ RunTime:0.000810s ]
INFO: [ app_begin ] --START--
INFO: Run Behavior\ReadHtmlCacheBehavior [ RunTime:0.001088s ]
INFO: [ app_begin ] --END-- [ RunTime:0.001291s ]

[ 2015-05-21T17:04:24+08:00 ] ::1 /encms/index.php/Home/Index/CateList/id/11
INFO: [ app_init ] --START--
INFO: Run Behavior\BuildLiteBehavior [ RunTime:0.000038s ]
INFO: [ app_init ] --END-- [ RunTime:0.000877s ]
INFO: [ app_begin ] --START--
INFO: Run Behavior\ReadHtmlCacheBehavior [ RunTime:0.001439s ]
INFO: [ app_begin ] --END-- [ RunTime:0.001717s ]
ERR: 非法操作:CateList

[ 2015-05-21T17:05:26+08:00 ] ::1 /encms/
INFO: [ app_init ] --START--
INFO: Run Behavior\BuildLiteBehavior [ RunTime:0.000035s ]
INFO: [ app_init ] --END-- [ RunTime:0.000771s ]
INFO: [ app_begin ] --START--
INFO: Run Behavior\ReadHtmlCacheBehavior [ RunTime:0.001136s ]
INFO: [ app_begin ] --END-- [ RunTime:0.001303s ]
SQL: SHOW COLUMNS FROM `en_cate` [ RunTime:0.0090s ]
SQL: SELECT * FROM `en_cate` ORDER BY sort  [ RunTime:0.0005s ]
INFO: [ view_parse ] --START--
INFO: [ template_filter ] --START--
INFO: Run Behavior\ContentReplaceBehavior [ RunTime:0.000144s ]
INFO: [ template_filter ] --END-- [ RunTime:0.000390s ]
INFO: Run Behavior\ParseTemplateBehavior [ RunTime:0.018702s ]
INFO: [ view_parse ] --END-- [ RunTime:0.018925s ]
INFO: [ view_filter ] --START--
INFO: Run Behavior\WriteHtmlCacheBehavior [ RunTime:0.000826s ]
INFO: [ view_filter ] --END-- [ RunTime:0.000997s ]
INFO: [ app_end ] --START--
INFO: Run Behavior\ShowPageTraceBehavior [ RunTime:0.000946s ]
INFO: [ app_end ] --END-- [ RunTime:0.001092s ]

[ 2015-05-21T17:05:27+08:00 ] ::1 /encms/index.php/Home/Index/CateList/id/11
INFO: [ app_init ] --START--
INFO: Run Behavior\BuildLiteBehavior [ RunTime:0.000036s ]
INFO: [ app_init ] --END-- [ RunTime:0.000742s ]
INFO: [ app_begin ] --START--
INFO: Run Behavior\ReadHtmlCacheBehavior [ RunTime:0.001259s ]
INFO: [ app_begin ] --END-- [ RunTime:0.001427s ]
ERR: 非法操作:CateList

[ 2015-05-21T17:05:35+08:00 ] ::1 /encms/index.php/Home/Index/Info/id/11
INFO: [ app_init ] --START--
INFO: Run Behavior\BuildLiteBehavior [ RunTime:0.000037s ]
INFO: [ app_init ] --END-- [ RunTime:0.000939s ]
INFO: [ app_begin ] --START--
INFO: Run Behavior\ReadHtmlCacheBehavior [ RunTime:0.001176s ]
INFO: [ app_begin ] --END-- [ RunTime:0.001350s ]
SQL: SHOW COLUMNS FROM `en_blog` [ RunTime:0.0083s ]
SQL: SELECT * FROM `en_blog` WHERE ( cid='11' ) LIMIT 1   [ RunTime:0.0003s ]
ERR: 模板不存在:./Application/Home/View/Index/Info.html

[ 2015-05-21T17:06:02+08:00 ] ::1 /encms/index.php/Home/Index/Info/id/11
INFO: [ app_init ] --START--
INFO: Run Behavior\BuildLiteBehavior [ RunTime:0.000037s ]
INFO: [ app_init ] --END-- [ RunTime:0.000689s ]
INFO: [ app_begin ] --START--
INFO: Run Behavior\ReadHtmlCacheBehavior [ RunTime:0.000974s ]
INFO: [ app_begin ] --END-- [ RunTime:0.001162s ]
SQL: SHOW COLUMNS FROM `en_blog` [ RunTime:0.0081s ]
SQL: SELECT * FROM `en_blog` WHERE ( cid='11' ) LIMIT 1   [ RunTime:0.0005s ]
NOTIC: [8] Use of undefined constant Info - assumed 'Info' D:\wamp\www\encms\Application\Home\Controller\IndexController.class.php 第 12 行.
ERR: 模板不存在:./Application/Home/View/Index/Info.html

[ 2015-05-21T17:06:03+08:00 ] ::1 /encms/index.php/Home/Index/CateList/id/11
INFO: [ app_init ] --START--
INFO: Run Behavior\BuildLiteBehavior [ RunTime:0.000035s ]
INFO: [ app_init ] --END-- [ RunTime:0.000702s ]
INFO: [ app_begin ] --START--
INFO: Run Behavior\ReadHtmlCacheBehavior [ RunTime:0.000978s ]
INFO: [ app_begin ] --END-- [ RunTime:0.001147s ]
ERR: 非法操作:CateList

[ 2015-05-21T17:06:05+08:00 ] ::1 /encms/
INFO: [ app_init ] --START--
INFO: Run Behavior\BuildLiteBehavior [ RunTime:0.000156s ]
INFO: [ app_init ] --END-- [ RunTime:0.001365s ]
INFO: [ app_begin ] --START--
INFO: Run Behavior\ReadHtmlCacheBehavior [ RunTime:0.000865s ]
INFO: [ app_begin ] --END-- [ RunTime:0.001020s ]
SQL: SHOW COLUMNS FROM `en_cate` [ RunTime:0.0115s ]
SQL: SELECT * FROM `en_cate` ORDER BY sort  [ RunTime:0.0004s ]
INFO: [ view_parse ] --START--
INFO: [ template_filter ] --START--
INFO: Run Behavior\ContentReplaceBehavior [ RunTime:0.000130s ]
INFO: [ template_filter ] --END-- [ RunTime:0.000302s ]
INFO: Run Behavior\ParseTemplateBehavior [ RunTime:0.018066s ]
INFO: [ view_parse ] --END-- [ RunTime:0.018302s ]
INFO: [ view_filter ] --START--
INFO: Run Behavior\WriteHtmlCacheBehavior [ RunTime:0.000751s ]
INFO: [ view_filter ] --END-- [ RunTime:0.000922s ]
INFO: [ app_end ] --START--
INFO: Run Behavior\ShowPageTraceBehavior [ RunTime:0.001387s ]
INFO: [ app_end ] --END-- [ RunTime:0.001601s ]

[ 2015-05-21T17:06:05+08:00 ] ::1 /encms/index.php/Home/Index/CateList/id/11
INFO: [ app_init ] --START--
INFO: Run Behavior\BuildLiteBehavior [ RunTime:0.000036s ]
INFO: [ app_init ] --END-- [ RunTime:0.000814s ]
INFO: [ app_begin ] --START--
INFO: Run Behavior\ReadHtmlCacheBehavior [ RunTime:0.001031s ]
INFO: [ app_begin ] --END-- [ RunTime:0.001184s ]
ERR: 非法操作:CateList

[ 2015-05-21T17:06:09+08:00 ] ::1 /encms/
INFO: [ app_init ] --START--
INFO: Run Behavior\BuildLiteBehavior [ RunTime:0.000035s ]
INFO: [ app_init ] --END-- [ RunTime:0.000792s ]
INFO: [ app_begin ] --START--
INFO: Run Behavior\ReadHtmlCacheBehavior [ RunTime:0.000856s ]
INFO: [ app_begin ] --END-- [ RunTime:0.001091s ]
SQL: SHOW COLUMNS FROM `en_cate` [ RunTime:0.0091s ]
SQL: SELECT * FROM `en_cate` ORDER BY sort  [ RunTime:0.0004s ]
INFO: [ view_parse ] --START--
INFO: [ template_filter ] --START--
INFO: Run Behavior\ContentReplaceBehavior [ RunTime:0.000114s ]
INFO: [ template_filter ] --END-- [ RunTime:0.000283s ]
INFO: Run Behavior\ParseTemplateBehavior [ RunTime:0.015710s ]
INFO: [ view_parse ] --END-- [ RunTime:0.015949s ]
INFO: [ view_filter ] --START--
INFO: Run Behavior\WriteHtmlCacheBehavior [ RunTime:0.001012s ]
INFO: [ view_filter ] --END-- [ RunTime:0.001190s ]
INFO: [ app_end ] --START--
INFO: Run Behavior\ShowPageTraceBehavior [ RunTime:0.001023s ]
INFO: [ app_end ] --END-- [ RunTime:0.001243s ]

[ 2015-05-21T17:06:11+08:00 ] ::1 /encms/index.php/Home/Index/CateList/id/11
INFO: [ app_init ] --START--
INFO: Run Behavior\BuildLiteBehavior [ RunTime:0.000036s ]
INFO: [ app_init ] --END-- [ RunTime:0.000765s ]
INFO: [ app_begin ] --START--
INFO: Run Behavior\ReadHtmlCacheBehavior [ RunTime:0.000671s ]
INFO: [ app_begin ] --END-- [ RunTime:0.000842s ]
ERR: 非法操作:CateList

[ 2015-05-21T17:06:56+08:00 ] ::1 /encms/
INFO: [ app_init ] --START--
INFO: Run Behavior\BuildLiteBehavior [ RunTime:0.000035s ]
INFO: [ app_init ] --END-- [ RunTime:0.000867s ]
INFO: [ app_begin ] --START--
INFO: Run Behavior\ReadHtmlCacheBehavior [ RunTime:0.001055s ]
INFO: [ app_begin ] --END-- [ RunTime:0.001224s ]
SQL: SHOW COLUMNS FROM `en_cate` [ RunTime:0.0101s ]
SQL: SELECT * FROM `en_cate` ORDER BY sort  [ RunTime:0.0008s ]
INFO: [ view_parse ] --START--
INFO: [ template_filter ] --START--
INFO: Run Behavior\ContentReplaceBehavior [ RunTime:0.000135s ]
INFO: [ template_filter ] --END-- [ RunTime:0.000337s ]
INFO: Run Behavior\ParseTemplateBehavior [ RunTime:0.018036s ]
INFO: [ view_parse ] --END-- [ RunTime:0.018262s ]
INFO: [ view_filter ] --START--
INFO: Run Behavior\WriteHtmlCacheBehavior [ RunTime:0.000767s ]
INFO: [ view_filter ] --END-- [ RunTime:0.000910s ]
INFO: [ app_end ] --START--
INFO: Run Behavior\ShowPageTraceBehavior [ RunTime:0.000996s ]
INFO: [ app_end ] --END-- [ RunTime:0.001185s ]

[ 2015-05-21T17:06:57+08:00 ] ::1 /encms/index.php/Home/Index/CateList/id/11
INFO: [ app_init ] --START--
INFO: Run Behavior\BuildLiteBehavior [ RunTime:0.000041s ]
INFO: [ app_init ] --END-- [ RunTime:0.000883s ]
INFO: [ app_begin ] --START--
INFO: Run Behavior\ReadHtmlCacheBehavior [ RunTime:0.001063s ]
INFO: [ app_begin ] --END-- [ RunTime:0.001241s ]
ERR: 非法操作:CateList

[ 2015-05-21T17:07:14+08:00 ] ::1 /encms/
INFO: [ app_init ] --START--
INFO: Run Behavior\BuildLiteBehavior [ RunTime:0.000038s ]
INFO: [ app_init ] --END-- [ RunTime:0.000789s ]
INFO: [ app_begin ] --START--
INFO: Run Behavior\ReadHtmlCacheBehavior [ RunTime:0.001972s ]
INFO: [ app_begin ] --END-- [ RunTime:0.002311s ]
SQL: SHOW COLUMNS FROM `en_cate` [ RunTime:0.0108s ]
SQL: SELECT * FROM `en_cate` ORDER BY sort  [ RunTime:0.0004s ]
INFO: [ view_parse ] --START--
INFO: [ template_filter ] --START--
INFO: Run Behavior\ContentReplaceBehavior [ RunTime:0.000132s ]
INFO: [ template_filter ] --END-- [ RunTime:0.000315s ]
INFO: Run Behavior\ParseTemplateBehavior [ RunTime:0.028849s ]
INFO: [ view_parse ] --END-- [ RunTime:0.029133s ]
INFO: [ view_filter ] --START--
INFO: Run Behavior\WriteHtmlCacheBehavior [ RunTime:0.000732s ]
INFO: [ view_filter ] --END-- [ RunTime:0.000897s ]
INFO: [ app_end ] --START--
INFO: Run Behavior\ShowPageTraceBehavior [ RunTime:0.001447s ]
INFO: [ app_end ] --END-- [ RunTime:0.001621s ]

[ 2015-05-21T17:07:14+08:00 ] ::1 /encms/index.php/Home/Index/info/id/11
INFO: [ app_init ] --START--
INFO: Run Behavior\BuildLiteBehavior [ RunTime:0.000033s ]
INFO: [ app_init ] --END-- [ RunTime:0.000830s ]
INFO: [ app_begin ] --START--
INFO: Run Behavior\ReadHtmlCacheBehavior [ RunTime:0.001080s ]
INFO: [ app_begin ] --END-- [ RunTime:0.001273s ]
SQL: SHOW COLUMNS FROM `en_blog` [ RunTime:0.0084s ]
SQL: SELECT * FROM `en_blog` WHERE ( cid='11' ) LIMIT 1   [ RunTime:0.0004s ]
ERR: 模板不存在:./Application/Home/View/Index/info.html

[ 2015-05-21T17:08:05+08:00 ] ::1 /encms/index.php/Home/Index/info/id/11
INFO: [ app_init ] --START--
INFO: Run Behavior\BuildLiteBehavior [ RunTime:0.000035s ]
INFO: [ app_init ] --END-- [ RunTime:0.000771s ]
INFO: [ app_begin ] --START--
INFO: Run Behavior\ReadHtmlCacheBehavior [ RunTime:0.001021s ]
INFO: [ app_begin ] --END-- [ RunTime:0.001257s ]
SQL: SHOW COLUMNS FROM `en_blog` [ RunTime:0.0099s ]
SQL: SELECT * FROM `en_blog` WHERE ( cid='11' ) LIMIT 1   [ RunTime:0.0004s ]
ERR: 模板不存在:./Application/Home/View/Index/info.html

[ 2015-05-21T17:08:20+08:00 ] ::1 /encms/index.php/Home/Index/info/id/11
INFO: [ app_init ] --START--
INFO: Run Behavior\BuildLiteBehavior [ RunTime:0.000037s ]
INFO: [ app_init ] --END-- [ RunTime:0.001036s ]
INFO: [ app_begin ] --START--
INFO: Run Behavior\ReadHtmlCacheBehavior [ RunTime:0.001028s ]
INFO: [ app_begin ] --END-- [ RunTime:0.001210s ]
SQL: SHOW COLUMNS FROM `en_blog` [ RunTime:0.0108s ]
NOTIC: [8] Undefined variable: cid D:\wamp\www\encms\Application\Home\Controller\IndexController.class.php 第 11 行.
SQL: SELECT * FROM `en_blog` WHERE ( id='' ) LIMIT 1   [ RunTime:0.0003s ]
ERR: 模板不存在:./Application/Home/View/Index/info.html

[ 2015-05-21T17:08:21+08:00 ] ::1 /encms/index.php/Home/Index/info/id/11
INFO: [ app_init ] --START--
INFO: Run Behavior\BuildLiteBehavior [ RunTime:0.000034s ]
INFO: [ app_init ] --END-- [ RunTime:0.000907s ]
INFO: [ app_begin ] --START--
INFO: Run Behavior\ReadHtmlCacheBehavior [ RunTime:0.001028s ]
INFO: [ app_begin ] --END-- [ RunTime:0.001199s ]
SQL: SHOW COLUMNS FROM `en_blog` [ RunTime:0.0270s ]
NOTIC: [8] Undefined variable: cid D:\wamp\www\encms\Application\Home\Controller\IndexController.class.php 第 11 行.
SQL: SELECT * FROM `en_blog` WHERE ( id='' ) LIMIT 1   [ RunTime:0.0004s ]
ERR: 模板不存在:./Application/Home/View/Index/info.html

[ 2015-05-21T17:08:24+08:00 ] ::1 /encms/index.php/Home/Index/info/id/11
INFO: [ app_init ] --START--
INFO: Run Behavior\BuildLiteBehavior [ RunTime:0.000036s ]
INFO: [ app_init ] --END-- [ RunTime:0.000809s ]
INFO: [ app_begin ] --START--
INFO: Run Behavior\ReadHtmlCacheBehavior [ RunTime:0.001504s ]
INFO: [ app_begin ] --END-- [ RunTime:0.001806s ]
SQL: SHOW COLUMNS FROM `en_blog` [ RunTime:0.0081s ]
NOTIC: [8] Undefined variable: cid D:\wamp\www\encms\Application\Home\Controller\IndexController.class.php 第 11 行.
SQL: SELECT * FROM `en_blog` WHERE ( id='' ) LIMIT 1   [ RunTime:0.0003s ]
ERR: 模板不存在:./Application/Home/View/Index/info.html

[ 2015-05-21T17:08:32+08:00 ] ::1 /encms/index.php/Home/Index/info/id/11
INFO: [ app_init ] --START--
INFO: Run Behavior\BuildLiteBehavior [ RunTime:0.000038s ]
INFO: [ app_init ] --END-- [ RunTime:0.001019s ]
INFO: [ app_begin ] --START--
INFO: Run Behavior\ReadHtmlCacheBehavior [ RunTime:0.000855s ]
INFO: [ app_begin ] --END-- [ RunTime:0.001018s ]
SQL: SHOW COLUMNS FROM `en_blog` [ RunTime:0.0093s ]
SQL: SELECT * FROM `en_blog` WHERE ( id='11' ) LIMIT 1   [ RunTime:0.0008s ]
ERR: 模板不存在:./Application/Home/View/Index/info.html

[ 2015-05-21T17:08:33+08:00 ] ::1 /encms/index.php/Home/Index/info/id/11
INFO: [ app_init ] --START--
INFO: Run Behavior\BuildLiteBehavior [ RunTime:0.000033s ]
INFO: [ app_init ] --END-- [ RunTime:0.000559s ]
INFO: [ app_begin ] --START--
INFO: Run Behavior\ReadHtmlCacheBehavior [ RunTime:0.000599s ]
INFO: [ app_begin ] --END-- [ RunTime:0.000767s ]
SQL: SHOW COLUMNS FROM `en_blog` [ RunTime:0.0135s ]
SQL: SELECT * FROM `en_blog` WHERE ( id='11' ) LIMIT 1   [ RunTime:0.0003s ]
ERR: 模板不存在:./Application/Home/View/Index/info.html

[ 2015-05-21T17:08:33+08:00 ] ::1 /encms/index.php/Home/Index/info/id/11
INFO: [ app_init ] --START--
INFO: Run Behavior\BuildLiteBehavior [ RunTime:0.000064s ]
INFO: [ app_init ] --END-- [ RunTime:0.001137s ]
INFO: [ app_begin ] --START--
INFO: Run Behavior\ReadHtmlCacheBehavior [ RunTime:0.001429s ]
INFO: [ app_begin ] --END-- [ RunTime:0.001763s ]
SQL: SHOW COLUMNS FROM `en_blog` [ RunTime:0.0058s ]
SQL: SELECT * FROM `en_blog` WHERE ( id='11' ) LIMIT 1   [ RunTime:0.0003s ]
ERR: 模板不存在:./Application/Home/View/Index/info.html

[ 2015-05-21T17:08:33+08:00 ] ::1 /encms/index.php/Home/Index/info/id/11
INFO: [ app_init ] --START--
INFO: Run Behavior\BuildLiteBehavior [ RunTime:0.000062s ]
INFO: [ app_init ] --END-- [ RunTime:0.001244s ]
INFO: [ app_begin ] --START--
INFO: Run Behavior\ReadHtmlCacheBehavior [ RunTime:0.000626s ]
INFO: [ app_begin ] --END-- [ RunTime:0.000794s ]
SQL: SHOW COLUMNS FROM `en_blog` [ RunTime:0.0070s ]
SQL: SELECT * FROM `en_blog` WHERE ( id='11' ) LIMIT 1   [ RunTime:0.0003s ]
ERR: 模板不存在:./Application/Home/View/Index/info.html

[ 2015-05-21T17:10:17+08:00 ] ::1 /encms/index.php/Home/Index/info/id/11
INFO: [ app_init ] --START--
INFO: Run Behavior\BuildLiteBehavior [ RunTime:0.000065s ]
INFO: [ app_init ] --END-- [ RunTime:0.001115s ]
INFO: [ app_begin ] --START--
INFO: Run Behavior\ReadHtmlCacheBehavior [ RunTime:0.001284s ]
INFO: [ app_begin ] --END-- [ RunTime:0.001457s ]
SQL: SHOW COLUMNS FROM `en_blog` [ RunTime:0.0091s ]
SQL: SELECT * FROM `en_blog` WHERE ( cid='11' ) LIMIT 1   [ RunTime:0.0005s ]
ERR: 模板不存在:./Application/Home/View/Index/info.html

[ 2015-05-21T17:10:30+08:00 ] ::1 /encms/index.php/Home/Index/info/id/11
INFO: [ app_init ] --START--
INFO: Run Behavior\BuildLiteBehavior [ RunTime:0.000049s ]
INFO: [ app_init ] --END-- [ RunTime:0.000897s ]
INFO: [ app_begin ] --START--
INFO: Run Behavior\ReadHtmlCacheBehavior [ RunTime:0.001385s ]
INFO: [ app_begin ] --END-- [ RunTime:0.001750s ]
SQL: SHOW COLUMNS FROM `en_blog` [ RunTime:0.0104s ]
SQL: SELECT * FROM `en_blog` WHERE ( cid='11' ) LIMIT 1   [ RunTime:0.0004s ]
ERR: 模板不存在:./Application/Home/View/Index/info.html

[ 2015-05-21T17:10:38+08:00 ] ::1 /encms/index.php/Home/Index/info/id/11
INFO: [ app_init ] --START--
INFO: Run Behavior\BuildLiteBehavior [ RunTime:0.000036s ]
INFO: [ app_init ] --END-- [ RunTime:0.000914s ]
INFO: [ app_begin ] --START--
INFO: Run Behavior\ReadHtmlCacheBehavior [ RunTime:0.000900s ]
INFO: [ app_begin ] --END-- [ RunTime:0.001057s ]
ERR: SQLSTATE[42S02]: Base table or view not found: 1146 Table 'encms.en_en_blog' doesn't exist

[ 2015-05-21T17:10:41+08:00 ] ::1 /encms/index.php/Home/Index/info/id/11
INFO: [ app_init ] --START--
INFO: Run Behavior\BuildLiteBehavior [ RunTime:0.000068s ]
INFO: [ app_init ] --END-- [ RunTime:0.001211s ]
INFO: [ app_begin ] --START--
INFO: Run Behavior\ReadHtmlCacheBehavior [ RunTime:0.000730s ]
INFO: [ app_begin ] --END-- [ RunTime:0.000900s ]
ERR: SQLSTATE[42S02]: Base table or view not found: 1146 Table 'encms.en_en_blog' doesn't exist

[ 2015-05-21T17:13:01+08:00 ] ::1 /encms/index.php/Home/Index/info/1
INFO: [ app_init ] --START--
INFO: Run Behavior\BuildLiteBehavior [ RunTime:0.000271s ]
INFO: [ app_init ] --END-- [ RunTime:0.002119s ]
INFO: [ app_begin ] --START--
INFO: Run Behavior\ReadHtmlCacheBehavior [ RunTime:0.002006s ]
INFO: [ app_begin ] --END-- [ RunTime:0.002357s ]
NOTIC: [8] Undefined index: id D:\wamp\www\encms\Application\Home\Controller\IndexController.class.php 第 10 行.
SQL: SHOW COLUMNS FROM `en_blog` [ RunTime:0.0108s ]
SQL: SELECT * FROM `en_blog` WHERE ( cid='' ) LIMIT 1   [ RunTime:0.0004s ]
ERR: 模板不存在:./Application/Home/View/Index/info.html

[ 2015-05-21T17:14:55+08:00 ] ::1 /encms/index.php/Home/Index/info/1
INFO: [ app_init ] --START--
INFO: Run Behavior\BuildLiteBehavior [ RunTime:0.000033s ]
INFO: [ app_init ] --END-- [ RunTime:0.000684s ]
INFO: [ app_begin ] --START--
INFO: Run Behavior\ReadHtmlCacheBehavior [ RunTime:0.000956s ]
INFO: [ app_begin ] --END-- [ RunTime:0.001127s ]
NOTIC: [8] Undefined index: id D:\wamp\www\encms\Application\Home\Controller\IndexController.class.php 第 10 行.
SQL: SHOW COLUMNS FROM `en_blog` [ RunTime:0.0077s ]
SQL: SELECT * FROM `en_blog` WHERE ( cid='' ) LIMIT 1   [ RunTime:0.0003s ]
ERR: 模板不存在:./Application/Home/View/Index/info.html

[ 2015-05-21T17:14:58+08:00 ] ::1 /encms/index.php/Home/Index
INFO: [ app_init ] --START--
INFO: Run Behavior\BuildLiteBehavior [ RunTime:0.000039s ]
INFO: [ app_init ] --END-- [ RunTime:0.000777s ]
INFO: [ app_begin ] --START--
INFO: Run Behavior\ReadHtmlCacheBehavior [ RunTime:0.000733s ]
INFO: [ app_begin ] --END-- [ RunTime:0.000921s ]
SQL: SHOW COLUMNS FROM `en_cate` [ RunTime:0.0099s ]
SQL: SELECT * FROM `en_cate` ORDER BY sort  [ RunTime:0.0003s ]
INFO: [ view_parse ] --START--
INFO: [ template_filter ] --START--
INFO: Run Behavior\ContentReplaceBehavior [ RunTime:0.000113s ]
INFO: [ template_filter ] --END-- [ RunTime:0.000275s ]
INFO: Run Behavior\ParseTemplateBehavior [ RunTime:0.021554s ]
INFO: [ view_parse ] --END-- [ RunTime:0.021729s ]
INFO: [ view_filter ] --START--
INFO: Run Behavior\WriteHtmlCacheBehavior [ RunTime:0.000934s ]
INFO: [ view_filter ] --END-- [ RunTime:0.001143s ]
INFO: [ app_end ] --START--
INFO: Run Behavior\ShowPageTraceBehavior [ RunTime:0.000967s ]
INFO: [ app_end ] --END-- [ RunTime:0.001152s ]

[ 2015-05-21T17:14:59+08:00 ] ::1 /encms/index.php/Home/Index/info/11
INFO: [ app_init ] --START--
INFO: Run Behavior\BuildLiteBehavior [ RunTime:0.000038s ]
INFO: [ app_init ] --END-- [ RunTime:0.000876s ]
INFO: [ app_begin ] --START--
INFO: Run Behavior\ReadHtmlCacheBehavior [ RunTime:0.000738s ]
INFO: [ app_begin ] --END-- [ RunTime:0.000903s ]
NOTIC: [8] Undefined index: id D:\wamp\www\encms\Application\Home\Controller\IndexController.class.php 第 10 行.
SQL: SHOW COLUMNS FROM `en_blog` [ RunTime:0.0097s ]
SQL: SELECT * FROM `en_blog` WHERE ( cid='' ) LIMIT 1   [ RunTime:0.0004s ]
ERR: 模板不存在:./Application/Home/View/Index/info.html

[ 2015-05-21T17:18:21+08:00 ] ::1 /encms/index.php/Home/Index/info/11
INFO: [ app_init ] --START--
INFO: Run Behavior\BuildLiteBehavior [ RunTime:0.000068s ]
INFO: [ app_init ] --END-- [ RunTime:0.001409s ]
INFO: [ app_begin ] --START--
INFO: Run Behavior\ReadHtmlCacheBehavior [ RunTime:0.001679s ]
INFO: [ app_begin ] --END-- [ RunTime:0.002190s ]
SQL: SHOW COLUMNS FROM `en_blog` [ RunTime:0.0098s ]
SQL: SELECT `title` FROM `en_blog` WHERE ( cid=id ) LIMIT 1   [ RunTime:0.0005s ]
ERR: 模板不存在:./Application/Home/View/Index/info.html

[ 2015-05-21T17:18:22+08:00 ] ::1 /encms/index.php/Home/Index/info/11
INFO: [ app_init ] --START--
INFO: Run Behavior\BuildLiteBehavior [ RunTime:0.000040s ]
INFO: [ app_init ] --END-- [ RunTime:0.000787s ]
INFO: [ app_begin ] --START--
INFO: Run Behavior\ReadHtmlCacheBehavior [ RunTime:0.000674s ]
INFO: [ app_begin ] --END-- [ RunTime:0.000869s ]
SQL: SHOW COLUMNS FROM `en_blog` [ RunTime:0.0093s ]
SQL: SELECT `title` FROM `en_blog` WHERE ( cid=id ) LIMIT 1   [ RunTime:0.0004s ]
ERR: 模板不存在:./Application/Home/View/Index/info.html

[ 2015-05-21T17:18:27+08:00 ] ::1 /encms/index.php/Home/Index/info/id/11
INFO: [ app_init ] --START--
INFO: Run Behavior\BuildLiteBehavior [ RunTime:0.000038s ]
INFO: [ app_init ] --END-- [ RunTime:0.000876s ]
INFO: [ app_begin ] --START--
INFO: Run Behavior\ReadHtmlCacheBehavior [ RunTime:0.001182s ]
INFO: [ app_begin ] --END-- [ RunTime:0.001476s ]
SQL: SHOW COLUMNS FROM `en_blog` [ RunTime:0.0117s ]
SQL: SELECT `title` FROM `en_blog` WHERE ( cid=id ) LIMIT 1   [ RunTime:0.0003s ]
ERR: 模板不存在:./Application/Home/View/Index/info.html

[ 2015-05-21T17:19:38+08:00 ] ::1 /encms/index.php/Home/Index/info/id/11
INFO: [ app_init ] --START--
INFO: Run Behavior\BuildLiteBehavior [ RunTime:0.000046s ]
INFO: [ app_init ] --END-- [ RunTime:0.000764s ]
INFO: [ app_begin ] --START--
INFO: Run Behavior\ReadHtmlCacheBehavior [ RunTime:0.000796s ]
INFO: [ app_begin ] --END-- [ RunTime:0.001033s ]
SQL: SHOW COLUMNS FROM `en_blog` [ RunTime:0.0107s ]
SQL: SELECT * FROM `en_blog` WHERE ( cid='11' ) LIMIT 1   [ RunTime:0.0004s ]
ERR: 模板不存在:./Application/Home/View/Index/info.html

[ 2015-05-21T17:21:55+08:00 ] ::1 /encms/index.php/Home/Index/info/id/11
INFO: [ app_init ] --START--
INFO: Run Behavior\BuildLiteBehavior [ RunTime:0.000082s ]
INFO: [ app_init ] --END-- [ RunTime:0.002213s ]
INFO: [ app_begin ] --START--
INFO: Run Behavior\ReadHtmlCacheBehavior [ RunTime:0.001458s ]
INFO: [ app_begin ] --END-- [ RunTime:0.001785s ]
SQL: SHOW COLUMNS FROM `en_blog` [ RunTime:0.0105s ]
SQL: SELECT * FROM `en_blog` WHERE ( cid='11' )  [ RunTime:0.0003s ]
ERR: 模板不存在:./Application/Home/View/Index/info.html

[ 2015-05-21T17:21:56+08:00 ] ::1 /encms/index.php/Home/Index/info/id/11
INFO: [ app_init ] --START--
INFO: Run Behavior\BuildLiteBehavior [ RunTime:0.000067s ]
INFO: [ app_init ] --END-- [ RunTime:0.001187s ]
INFO: [ app_begin ] --START--
INFO: Run Behavior\ReadHtmlCacheBehavior [ RunTime:0.000872s ]
INFO: [ app_begin ] --END-- [ RunTime:0.001058s ]
SQL: SHOW COLUMNS FROM `en_blog` [ RunTime:0.0132s ]
SQL: SELECT * FROM `en_blog` WHERE ( cid='11' )  [ RunTime:0.0004s ]
ERR: 模板不存在:./Application/Home/View/Index/info.html

[ 2015-05-21T17:21:57+08:00 ] ::1 /encms/index.php/Home/Index/info/id/11
INFO: [ app_init ] --START--
INFO: Run Behavior\BuildLiteBehavior [ RunTime:0.000036s ]
INFO: [ app_init ] --END-- [ RunTime:0.000713s ]
INFO: [ app_begin ] --START--
INFO: Run Behavior\ReadHtmlCacheBehavior [ RunTime:0.000699s ]
INFO: [ app_begin ] --END-- [ RunTime:0.000858s ]
SQL: SHOW COLUMNS FROM `en_blog` [ RunTime:0.0098s ]
SQL: SELECT * FROM `en_blog` WHERE ( cid='11' )  [ RunTime:0.0005s ]
ERR: 模板不存在:./Application/Home/View/Index/info.html

[ 2015-05-21T17:22:07+08:00 ] ::1 /encms/index.php/Home/Index/info/id/11
INFO: [ app_init ] --START--
INFO: Run Behavior\BuildLiteBehavior [ RunTime:0.000036s ]
INFO: [ app_init ] --END-- [ RunTime:0.000720s ]
INFO: [ app_begin ] --START--
INFO: Run Behavior\ReadHtmlCacheBehavior [ RunTime:0.000955s ]
INFO: [ app_begin ] --END-- [ RunTime:0.001203s ]
SQL: SHOW COLUMNS FROM `en_blog` [ RunTime:0.0117s ]
SQL: SELECT * FROM `en_blog` WHERE ( cid='11' )  [ RunTime:0.0004s ]
ERR: 模板不存在:./Application/Home/View/Index/info.html

[ 2015-05-21T17:22:10+08:00 ] ::1 /encms/index.php/Home/Index/info/id/11
INFO: [ app_init ] --START--
INFO: Run Behavior\BuildLiteBehavior [ RunTime:0.000037s ]
INFO: [ app_init ] --END-- [ RunTime:0.000741s ]
INFO: [ app_begin ] --START--
INFO: Run Behavior\ReadHtmlCacheBehavior [ RunTime:0.000792s ]
INFO: [ app_begin ] --END-- [ RunTime:0.000968s ]
SQL: SHOW COLUMNS FROM `en_blog` [ RunTime:0.0095s ]
SQL: SELECT * FROM `en_blog` WHERE ( cid='11' )  [ RunTime:0.0004s ]
ERR: 模板不存在:./Application/Home/View/Index/info.html

[ 2015-05-21T17:22:34+08:00 ] ::1 /encms/index.php/Home/Index/info/id/11
INFO: [ app_init ] --START--
INFO: Run Behavior\BuildLiteBehavior [ RunTime:0.000088s ]
INFO: [ app_init ] --END-- [ RunTime:0.001820s ]
INFO: [ app_begin ] --START--
INFO: Run Behavior\ReadHtmlCacheBehavior [ RunTime:0.001054s ]
INFO: [ app_begin ] --END-- [ RunTime:0.001347s ]
SQL: SHOW COLUMNS FROM `en_blog` [ RunTime:0.0096s ]
SQL: SELECT * FROM `en_blog` WHERE ( cid=11 )  [ RunTime:0.0003s ]
ERR: 模板不存在:./Application/Home/View/Index/info.html

[ 2015-05-21T17:22:36+08:00 ] ::1 /encms/index.php/Home/Index/info/id/11
INFO: [ app_init ] --START--
INFO: Run Behavior\BuildLiteBehavior [ RunTime:0.000037s ]
INFO: [ app_init ] --END-- [ RunTime:0.000722s ]
INFO: [ app_begin ] --START--
INFO: Run Behavior\ReadHtmlCacheBehavior [ RunTime:0.001043s ]
INFO: [ app_begin ] --END-- [ RunTime:0.001271s ]
SQL: SHOW COLUMNS FROM `en_blog` [ RunTime:0.0116s ]
SQL: SELECT * FROM `en_blog` WHERE ( cid=11 )  [ RunTime:0.0003s ]
ERR: 模板不存在:./Application/Home/View/Index/info.html

[ 2015-05-21T17:24:36+08:00 ] ::1 /encms/index.php/Home/Index/info/id/11
INFO: [ app_init ] --START--
INFO: Run Behavior\BuildLiteBehavior [ RunTime:0.000037s ]
INFO: [ app_init ] --END-- [ RunTime:0.000725s ]
INFO: [ app_begin ] --START--
INFO: Run Behavior\ReadHtmlCacheBehavior [ RunTime:0.000875s ]
INFO: [ app_begin ] --END-- [ RunTime:0.001037s ]
SQL: SHOW COLUMNS FROM `en_blog` [ RunTime:0.0262s ]
SQL: SELECT * FROM `en_blog` WHERE ( cid=11 )  [ RunTime:0.0004s ]
ERR: 模板不存在:./Application/Home/View/Index/info.html

[ 2015-05-21T17:24:38+08:00 ] ::1 /encms/index.php/Home/Index/info/id/11
INFO: [ app_init ] --START--
INFO: Run Behavior\BuildLiteBehavior [ RunTime:0.000065s ]
INFO: [ app_init ] --END-- [ RunTime:0.001011s ]
INFO: [ app_begin ] --START--
INFO: Run Behavior\ReadHtmlCacheBehavior [ RunTime:0.000763s ]
INFO: [ app_begin ] --END-- [ RunTime:0.000955s ]
SQL: SHOW COLUMNS FROM `en_blog` [ RunTime:0.0110s ]
SQL: SELECT * FROM `en_blog` WHERE ( cid=11 )  [ RunTime:0.0006s ]
ERR: 模板不存在:./Application/Home/View/Index/info.html

[ 2015-05-21T17:24:58+08:00 ] ::1 /encms/index.php/Home/Index/info/id/11
INFO: [ app_init ] --START--
INFO: Run Behavior\BuildLiteBehavior [ RunTime:0.000049s ]
INFO: [ app_init ] --END-- [ RunTime:0.001950s ]
INFO: [ app_begin ] --START--
INFO: Run Behavior\ReadHtmlCacheBehavior [ RunTime:0.002140s ]
INFO: [ app_begin ] --END-- [ RunTime:0.002302s ]
SQL: SHOW COLUMNS FROM `en_blog` [ RunTime:0.0123s ]
SQL: SELECT * FROM `en_blog` WHERE ( cid=15 )  [ RunTime:0.0004s ]
ERR: 模板不存在:./Application/Home/View/Index/info.html

[ 2015-05-21T17:25:18+08:00 ] ::1 /encms/index.php/Home/Index/info/id/15
INFO: [ app_init ] --START--
INFO: Run Behavior\BuildLiteBehavior [ RunTime:0.000036s ]
INFO: [ app_init ] --END-- [ RunTime:0.000977s ]
INFO: [ app_begin ] --START--
INFO: Run Behavior\ReadHtmlCacheBehavior [ RunTime:0.002017s ]
INFO: [ app_begin ] --END-- [ RunTime:0.002191s ]
SQL: SHOW COLUMNS FROM `en_blog` [ RunTime:0.0104s ]
SQL: SELECT * FROM `en_blog` WHERE ( cid='15' )  [ RunTime:0.0006s ]
ERR: 模板不存在:./Application/Home/View/Index/info.html

[ 2015-05-21T17:25:21+08:00 ] ::1 /encms/index.php/Home/Index/info/id/11
INFO: [ app_init ] --START--
INFO: Run Behavior\BuildLiteBehavior [ RunTime:0.000054s ]
INFO: [ app_init ] --END-- [ RunTime:0.000949s ]
INFO: [ app_begin ] --START--
INFO: Run Behavior\ReadHtmlCacheBehavior [ RunTime:0.001658s ]
INFO: [ app_begin ] --END-- [ RunTime:0.001839s ]
SQL: SHOW COLUMNS FROM `en_blog` [ RunTime:0.0117s ]
SQL: SELECT * FROM `en_blog` WHERE ( cid='11' )  [ RunTime:0.0004s ]
ERR: 模板不存在:./Application/Home/View/Index/info.html

[ 2015-05-21T17:25:23+08:00 ] ::1 /encms/index.php/Home/Index/info/id/15
INFO: [ app_init ] --START--
INFO: Run Behavior\BuildLiteBehavior [ RunTime:0.000035s ]
INFO: [ app_init ] --END-- [ RunTime:0.000873s ]
INFO: [ app_begin ] --START--
INFO: Run Behavior\ReadHtmlCacheBehavior [ RunTime:0.002526s ]
INFO: [ app_begin ] --END-- [ RunTime:0.002787s ]
SQL: SHOW COLUMNS FROM `en_blog` [ RunTime:0.0093s ]
SQL: SELECT * FROM `en_blog` WHERE ( cid='15' )  [ RunTime:0.0006s ]
ERR: 模板不存在:./Application/Home/View/Index/info.html

