[ 2015-05-20T09:34:12+08:00 ] ::1 /encms/
INFO: [ app_init ] --START--
INFO: Run Behavior\BuildLiteBehavior [ RunTime:0.000039s ]
INFO: [ app_init ] --END-- [ RunTime:0.038592s ]
INFO: [ app_begin ] --START--
INFO: Run Behavior\ReadHtmlCacheBehavior [ RunTime:0.007185s ]
INFO: [ app_begin ] --END-- [ RunTime:0.007420s ]
INFO: [ view_parse ] --START--
INFO: [ template_filter ] --START--
INFO: Run Behavior\ContentReplaceBehavior [ RunTime:0.000146s ]
INFO: [ template_filter ] --END-- [ RunTime:0.000301s ]
SQL: SHOW COLUMNS FROM `en_cate` [ RunTime:0.2688s ]
SQL: SELECT * FROM `en_cate` ORDER BY sort  [ RunTime:0.0247s ]
INFO: Run Behavior\ParseTemplateBehavior [ RunTime:0.912394s ]
INFO: [ view_parse ] --END-- [ RunTime:0.912662s ]
INFO: [ view_filter ] --START--
INFO: Run Behavior\WriteHtmlCacheBehavior [ RunTime:0.031399s ]
INFO: [ view_filter ] --END-- [ RunTime:0.031560s ]
INFO: [ app_end ] --START--
INFO: Run Behavior\ShowPageTraceBehavior [ RunTime:0.024088s ]
INFO: [ app_end ] --END-- [ RunTime:0.024272s ]

