[ 2015-05-25T11:04:18+08:00 ] ::1 /encms/index.php/Admin/Login/index
INFO: [ app_init ] --START--
INFO: Run Behavior\BuildLiteBehavior [ RunTime:0.000035s ]
INFO: [ app_init ] --END-- [ RunTime:0.000650s ]
INFO: [ app_begin ] --START--
INFO: Run Behavior\ReadHtmlCacheBehavior [ RunTime:0.001024s ]
INFO: [ app_begin ] --END-- [ RunTime:0.001217s ]
INFO: [ view_parse ] --START--
INFO: [ template_filter ] --START--
INFO: Run Behavior\ContentReplaceBehavior [ RunTime:0.000097s ]
INFO: [ template_filter ] --END-- [ RunTime:0.000267s ]
INFO: Run Behavior\ParseTemplateBehavior [ RunTime:0.120880s ]
INFO: [ view_parse ] --END-- [ RunTime:0.121050s ]
INFO: [ view_filter ] --START--
INFO: Run Behavior\WriteHtmlCacheBehavior [ RunTime:0.000860s ]
INFO: [ view_filter ] --END-- [ RunTime:0.001215s ]
INFO: [ app_end ] --START--
INFO: Run Behavior\ShowPageTraceBehavior [ RunTime:0.001149s ]
INFO: [ app_end ] --END-- [ RunTime:0.001332s ]

[ 2015-05-25T11:04:18+08:00 ] ::1 /encms/index.php/Admin/Login/verify
INFO: [ app_init ] --START--
INFO: Run Behavior\BuildLiteBehavior [ RunTime:0.000059s ]
INFO: [ app_init ] --END-- [ RunTime:0.001217s ]
INFO: [ app_begin ] --START--
INFO: Run Behavior\ReadHtmlCacheBehavior [ RunTime:0.001440s ]
INFO: [ app_begin ] --END-- [ RunTime:0.001782s ]
INFO: [ app_end ] --START--
INFO: Run Behavior\ShowPageTraceBehavior [ RunTime:0.001137s ]
INFO: [ app_end ] --END-- [ RunTime:0.001401s ]

[ 2015-05-25T11:04:20+08:00 ] ::1 /encms/index.php/Admin/Login/verify/0.6546254553832114
INFO: [ app_init ] --START--
INFO: Run Behavior\BuildLiteBehavior [ RunTime:0.000034s ]
INFO: [ app_init ] --END-- [ RunTime:0.000642s ]
INFO: [ app_begin ] --START--
INFO: Run Behavior\ReadHtmlCacheBehavior [ RunTime:0.000615s ]
INFO: [ app_begin ] --END-- [ RunTime:0.000768s ]
INFO: [ app_end ] --START--
INFO: Run Behavior\ShowPageTraceBehavior [ RunTime:0.000927s ]
INFO: [ app_end ] --END-- [ RunTime:0.001107s ]

[ 2015-05-25T11:04:24+08:00 ] ::1 /encms/index.php/Admin/Login/verify/0.897369394544512
INFO: [ app_init ] --START--
INFO: Run Behavior\BuildLiteBehavior [ RunTime:0.000039s ]
INFO: [ app_init ] --END-- [ RunTime:0.000809s ]
INFO: [ app_begin ] --START--
INFO: Run Behavior\ReadHtmlCacheBehavior [ RunTime:0.000837s ]
INFO: [ app_begin ] --END-- [ RunTime:0.001070s ]
INFO: [ app_end ] --START--
INFO: Run Behavior\ShowPageTraceBehavior [ RunTime:0.001224s ]
INFO: [ app_end ] --END-- [ RunTime:0.001537s ]

[ 2015-05-25T11:04:30+08:00 ] ::1 /encms/index.php/Admin/Login/login
INFO: [ app_init ] --START--
INFO: Run Behavior\BuildLiteBehavior [ RunTime:0.000035s ]
INFO: [ app_init ] --END-- [ RunTime:0.000718s ]
INFO: [ app_begin ] --START--
INFO: Run Behavior\ReadHtmlCacheBehavior [ RunTime:0.001361s ]
INFO: [ app_begin ] --END-- [ RunTime:0.001608s ]
SQL: SHOW COLUMNS FROM `en_user` [ RunTime:0.0530s ]
SQL: SELECT * FROM `en_user` WHERE `username` = 'admin' LIMIT 1   [ RunTime:0.0457s ]
SQL: UPDATE `en_user` SET `logintime`='1432523070',`loginip`='0.0.0.0' WHERE `id` = 1 [ RunTime:0.0923s ]

[ 2015-05-25T11:04:30+08:00 ] ::1 /encms/index.php/Admin/Index/index
INFO: [ app_init ] --START--
INFO: Run Behavior\BuildLiteBehavior [ RunTime:0.000036s ]
INFO: [ app_init ] --END-- [ RunTime:0.000869s ]
INFO: [ app_begin ] --START--
INFO: Run Behavior\ReadHtmlCacheBehavior [ RunTime:0.000721s ]
INFO: [ app_begin ] --END-- [ RunTime:0.000887s ]
INFO: [ view_parse ] --START--
INFO: [ template_filter ] --START--
INFO: Run Behavior\ContentReplaceBehavior [ RunTime:0.000097s ]
INFO: [ template_filter ] --END-- [ RunTime:0.000268s ]
INFO: Run Behavior\ParseTemplateBehavior [ RunTime:0.052225s ]
INFO: [ view_parse ] --END-- [ RunTime:0.052417s ]
INFO: [ view_filter ] --START--
INFO: Run Behavior\WriteHtmlCacheBehavior [ RunTime:0.000919s ]
INFO: [ view_filter ] --END-- [ RunTime:0.001114s ]
INFO: [ app_end ] --START--
INFO: Run Behavior\ShowPageTraceBehavior [ RunTime:0.001247s ]
INFO: [ app_end ] --END-- [ RunTime:0.001525s ]

[ 2015-05-25T11:04:32+08:00 ] ::1 /encms/index.php/Admin/Blog/index
INFO: [ app_init ] --START--
INFO: Run Behavior\BuildLiteBehavior [ RunTime:0.000035s ]
INFO: [ app_init ] --END-- [ RunTime:0.000668s ]
INFO: [ app_begin ] --START--
INFO: Run Behavior\ReadHtmlCacheBehavior [ RunTime:0.000754s ]
INFO: [ app_begin ] --END-- [ RunTime:0.000936s ]
SQL: SHOW COLUMNS FROM `en_blog` [ RunTime:0.0114s ]
SQL: SELECT `id`,`title`,`content`,`time`,`cid` FROM `en_blog` WHERE `del` = 0  [ RunTime:0.0064s ]
SQL: SHOW COLUMNS FROM `en_cate` [ RunTime:0.0087s ]
SQL: SELECT `name` FROM `en_cate` WHERE ( 1=1 AND id='11' ) LIMIT 1   [ RunTime:0.0009s ]
SQL: SELECT `name` FROM `en_cate` WHERE ( 1=1 AND id='12' ) LIMIT 1   [ RunTime:0.0003s ]
SQL: SELECT `name` FROM `en_cate` WHERE ( 1=1 AND id='12' ) LIMIT 1   [ RunTime:0.0006s ]
SQL: SELECT `name` FROM `en_cate` WHERE ( 1=1 AND id='12' ) LIMIT 1   [ RunTime:0.0012s ]
SQL: SELECT `name` FROM `en_cate` WHERE ( 1=1 AND id='11' ) LIMIT 1   [ RunTime:0.0005s ]
SQL: SELECT `name` FROM `en_cate` WHERE ( 1=1 AND id='11' ) LIMIT 1   [ RunTime:0.0003s ]
SQL: SELECT `name` FROM `en_cate` WHERE ( 1=1 AND id='12' ) LIMIT 1   [ RunTime:0.0003s ]
SQL: SELECT `name` FROM `en_cate` WHERE ( 1=1 AND id='11' ) LIMIT 1   [ RunTime:0.0009s ]
SQL: SELECT `name` FROM `en_cate` WHERE ( 1=1 AND id='11' ) LIMIT 1   [ RunTime:0.0010s ]
SQL: SELECT `name` FROM `en_cate` WHERE ( 1=1 AND id='12' ) LIMIT 1   [ RunTime:0.0004s ]
SQL: SELECT `name` FROM `en_cate` WHERE ( 1=1 AND id='0' ) LIMIT 1   [ RunTime:0.0004s ]
SQL: SELECT `name` FROM `en_cate` WHERE ( 1=1 AND id='11' ) LIMIT 1   [ RunTime:0.0004s ]
SQL: SELECT `name` FROM `en_cate` WHERE ( 1=1 AND id='11' ) LIMIT 1   [ RunTime:0.0005s ]
INFO: [ view_parse ] --START--
INFO: [ template_filter ] --START--
INFO: Run Behavior\ContentReplaceBehavior [ RunTime:0.000114s ]
INFO: [ template_filter ] --END-- [ RunTime:0.000309s ]
INFO: Run Behavior\ParseTemplateBehavior [ RunTime:0.020661s ]
INFO: [ view_parse ] --END-- [ RunTime:0.020932s ]
INFO: [ view_filter ] --START--
INFO: Run Behavior\WriteHtmlCacheBehavior [ RunTime:0.000681s ]
INFO: [ view_filter ] --END-- [ RunTime:0.000903s ]
INFO: [ app_end ] --START--
INFO: Run Behavior\ShowPageTraceBehavior [ RunTime:0.000803s ]
INFO: [ app_end ] --END-- [ RunTime:0.000990s ]

[ 2015-05-25T11:04:35+08:00 ] ::1 /encms/index.php/Admin/Blog/index
INFO: [ app_init ] --START--
INFO: Run Behavior\BuildLiteBehavior [ RunTime:0.000036s ]
INFO: [ app_init ] --END-- [ RunTime:0.000667s ]
INFO: [ app_begin ] --START--
INFO: Run Behavior\ReadHtmlCacheBehavior [ RunTime:0.000789s ]
INFO: [ app_begin ] --END-- [ RunTime:0.001050s ]
SQL: SHOW COLUMNS FROM `en_blog` [ RunTime:0.0091s ]
SQL: SELECT `id`,`title`,`content`,`time`,`cid` FROM `en_blog` WHERE `del` = 0  [ RunTime:0.0004s ]
SQL: SHOW COLUMNS FROM `en_cate` [ RunTime:0.0072s ]
SQL: SELECT `name` FROM `en_cate` WHERE ( 1=1 AND id='11' ) LIMIT 1   [ RunTime:0.0004s ]
SQL: SELECT `name` FROM `en_cate` WHERE ( 1=1 AND id='12' ) LIMIT 1   [ RunTime:0.0002s ]
SQL: SELECT `name` FROM `en_cate` WHERE ( 1=1 AND id='12' ) LIMIT 1   [ RunTime:0.0004s ]
SQL: SELECT `name` FROM `en_cate` WHERE ( 1=1 AND id='12' ) LIMIT 1   [ RunTime:0.0004s ]
SQL: SELECT `name` FROM `en_cate` WHERE ( 1=1 AND id='11' ) LIMIT 1   [ RunTime:0.0004s ]
SQL: SELECT `name` FROM `en_cate` WHERE ( 1=1 AND id='11' ) LIMIT 1   [ RunTime:0.0003s ]
SQL: SELECT `name` FROM `en_cate` WHERE ( 1=1 AND id='12' ) LIMIT 1   [ RunTime:0.0002s ]
SQL: SELECT `name` FROM `en_cate` WHERE ( 1=1 AND id='11' ) LIMIT 1   [ RunTime:0.0004s ]
SQL: SELECT `name` FROM `en_cate` WHERE ( 1=1 AND id='11' ) LIMIT 1   [ RunTime:0.0004s ]
SQL: SELECT `name` FROM `en_cate` WHERE ( 1=1 AND id='12' ) LIMIT 1   [ RunTime:0.0005s ]
SQL: SELECT `name` FROM `en_cate` WHERE ( 1=1 AND id='0' ) LIMIT 1   [ RunTime:0.0004s ]
SQL: SELECT `name` FROM `en_cate` WHERE ( 1=1 AND id='11' ) LIMIT 1   [ RunTime:0.0004s ]
SQL: SELECT `name` FROM `en_cate` WHERE ( 1=1 AND id='11' ) LIMIT 1   [ RunTime:0.0003s ]
INFO: [ view_parse ] --START--
INFO: [ template_filter ] --START--
INFO: Run Behavior\ContentReplaceBehavior [ RunTime:0.000091s ]
INFO: [ template_filter ] --END-- [ RunTime:0.000263s ]
INFO: Run Behavior\ParseTemplateBehavior [ RunTime:0.019554s ]
INFO: [ view_parse ] --END-- [ RunTime:0.019761s ]
INFO: [ view_filter ] --START--
INFO: Run Behavior\WriteHtmlCacheBehavior [ RunTime:0.000432s ]
INFO: [ view_filter ] --END-- [ RunTime:0.000565s ]
INFO: [ app_end ] --START--
INFO: Run Behavior\ShowPageTraceBehavior [ RunTime:0.000840s ]
INFO: [ app_end ] --END-- [ RunTime:0.000999s ]

[ 2015-05-25T11:04:36+08:00 ] ::1 /encms/index.php/Admin/Blog/blog
INFO: [ app_init ] --START--
INFO: Run Behavior\BuildLiteBehavior [ RunTime:0.000042s ]
INFO: [ app_init ] --END-- [ RunTime:0.000744s ]
INFO: [ app_begin ] --START--
INFO: Run Behavior\ReadHtmlCacheBehavior [ RunTime:0.000661s ]
INFO: [ app_begin ] --END-- [ RunTime:0.000831s ]
SQL: SHOW COLUMNS FROM `en_cate` [ RunTime:0.0124s ]
SQL: SELECT * FROM `en_cate` ORDER BY sort ASC  [ RunTime:0.0008s ]
INFO: [ view_parse ] --START--
INFO: [ template_filter ] --START--
INFO: Run Behavior\ContentReplaceBehavior [ RunTime:0.000189s ]
INFO: [ template_filter ] --END-- [ RunTime:0.000435s ]
INFO: Run Behavior\ParseTemplateBehavior [ RunTime:0.048232s ]
INFO: [ view_parse ] --END-- [ RunTime:0.048543s ]
INFO: [ view_filter ] --START--
INFO: Run Behavior\WriteHtmlCacheBehavior [ RunTime:0.000452s ]
INFO: [ view_filter ] --END-- [ RunTime:0.000618s ]
INFO: [ app_end ] --START--
INFO: Run Behavior\ShowPageTraceBehavior [ RunTime:0.000870s ]
INFO: [ app_end ] --END-- [ RunTime:0.001044s ]

[ 2015-05-25T11:05:15+08:00 ] ::1 /encms/index.php/Admin/Blog/addBlog
INFO: [ app_init ] --START--
INFO: Run Behavior\BuildLiteBehavior [ RunTime:0.000034s ]
INFO: [ app_init ] --END-- [ RunTime:0.000647s ]
INFO: [ app_begin ] --START--
INFO: Run Behavior\ReadHtmlCacheBehavior [ RunTime:0.000652s ]
INFO: [ app_begin ] --END-- [ RunTime:0.000818s ]
NOTIC: [2] call_user_func() expects parameter 1 to be a valid callback, no array or string given D:\wamp\www\encms\ThinkPHP\Library\Think\Upload.class.php 第 170 行.
SQL: SHOW COLUMNS FROM `en_blog` [ RunTime:0.0087s ]
SQL: INSERT INTO `en_blog` (`title`,`content`,`time`,`cid`) VALUES ('周杰伦','./mp3/2015-05-25/5562916ac8413.mp3','1432523114','11') [ RunTime:0.1549s ]
INFO: [ view_parse ] --START--
INFO: [ template_filter ] --START--
INFO: Run Behavior\ContentReplaceBehavior [ RunTime:0.000090s ]
INFO: [ template_filter ] --END-- [ RunTime:0.000257s ]
INFO: Run Behavior\ParseTemplateBehavior [ RunTime:0.061005s ]
INFO: [ view_parse ] --END-- [ RunTime:0.061214s ]
INFO: [ view_filter ] --START--
INFO: Run Behavior\WriteHtmlCacheBehavior [ RunTime:0.002433s ]
INFO: [ view_filter ] --END-- [ RunTime:0.002599s ]
INFO: [ app_end ] --START--
INFO: Run Behavior\ShowPageTraceBehavior [ RunTime:0.002356s ]
INFO: [ app_end ] --END-- [ RunTime:0.002495s ]

[ 2015-05-25T11:05:16+08:00 ] ::1 /encms/index.php/Admin/Blog/blog
INFO: [ app_init ] --START--
INFO: Run Behavior\BuildLiteBehavior [ RunTime:0.000038s ]
INFO: [ app_init ] --END-- [ RunTime:0.001520s ]
INFO: [ app_begin ] --START--
INFO: Run Behavior\ReadHtmlCacheBehavior [ RunTime:0.002998s ]
INFO: [ app_begin ] --END-- [ RunTime:0.003301s ]
SQL: SHOW COLUMNS FROM `en_cate` [ RunTime:0.0092s ]
SQL: SELECT * FROM `en_cate` ORDER BY sort ASC  [ RunTime:0.0004s ]
INFO: [ view_parse ] --START--
INFO: [ template_filter ] --START--
INFO: Run Behavior\ContentReplaceBehavior [ RunTime:0.000110s ]
INFO: [ template_filter ] --END-- [ RunTime:0.000288s ]
INFO: Run Behavior\ParseTemplateBehavior [ RunTime:0.024173s ]
INFO: [ view_parse ] --END-- [ RunTime:0.024354s ]
INFO: [ view_filter ] --START--
INFO: Run Behavior\WriteHtmlCacheBehavior [ RunTime:0.001683s ]
INFO: [ view_filter ] --END-- [ RunTime:0.001836s ]
INFO: [ app_end ] --START--
INFO: Run Behavior\ShowPageTraceBehavior [ RunTime:0.002308s ]
INFO: [ app_end ] --END-- [ RunTime:0.002540s ]

[ 2015-05-25T11:05:18+08:00 ] ::1 /encms/index.php/Admin/Category/addCate
INFO: [ app_init ] --START--
INFO: Run Behavior\BuildLiteBehavior [ RunTime:0.000036s ]
INFO: [ app_init ] --END-- [ RunTime:0.000955s ]
INFO: [ app_begin ] --START--
INFO: Run Behavior\ReadHtmlCacheBehavior [ RunTime:0.001873s ]
INFO: [ app_begin ] --END-- [ RunTime:0.002045s ]
INFO: [ view_parse ] --START--
INFO: [ template_filter ] --START--
INFO: Run Behavior\ContentReplaceBehavior [ RunTime:0.000116s ]
INFO: [ template_filter ] --END-- [ RunTime:0.000311s ]
INFO: Run Behavior\ParseTemplateBehavior [ RunTime:0.043755s ]
INFO: [ view_parse ] --END-- [ RunTime:0.044029s ]
INFO: [ view_filter ] --START--
INFO: Run Behavior\WriteHtmlCacheBehavior [ RunTime:0.002568s ]
INFO: [ view_filter ] --END-- [ RunTime:0.002791s ]
INFO: [ app_end ] --START--
INFO: Run Behavior\ShowPageTraceBehavior [ RunTime:0.002213s ]
INFO: [ app_end ] --END-- [ RunTime:0.002437s ]

[ 2015-05-25T11:05:23+08:00 ] ::1 /encms/index.php/Admin/Category/runAddCate
INFO: [ app_init ] --START--
INFO: Run Behavior\BuildLiteBehavior [ RunTime:0.000039s ]
INFO: [ app_init ] --END-- [ RunTime:0.001213s ]
INFO: [ app_begin ] --START--
INFO: Run Behavior\ReadHtmlCacheBehavior [ RunTime:0.002590s ]
INFO: [ app_begin ] --END-- [ RunTime:0.002898s ]
SQL: SHOW COLUMNS FROM `en_cate` [ RunTime:0.0111s ]
SQL: INSERT INTO `en_cate` (`name`,`sort`,`pid`) VALUES ('周杰伦','100','0') [ RunTime:0.0643s ]
INFO: [ view_parse ] --START--
INFO: [ template_filter ] --START--
INFO: Run Behavior\ContentReplaceBehavior [ RunTime:0.000088s ]
INFO: [ template_filter ] --END-- [ RunTime:0.000254s ]
INFO: Run Behavior\ParseTemplateBehavior [ RunTime:0.014437s ]
INFO: [ view_parse ] --END-- [ RunTime:0.014632s ]
INFO: [ view_filter ] --START--
INFO: Run Behavior\WriteHtmlCacheBehavior [ RunTime:0.002175s ]
INFO: [ view_filter ] --END-- [ RunTime:0.002363s ]
INFO: [ app_end ] --START--
INFO: Run Behavior\ShowPageTraceBehavior [ RunTime:0.002257s ]
INFO: [ app_end ] --END-- [ RunTime:0.002416s ]

[ 2015-05-25T11:05:25+08:00 ] ::1 /encms/index.php/Admin/Category/index
INFO: [ app_init ] --START--
INFO: Run Behavior\BuildLiteBehavior [ RunTime:0.000036s ]
INFO: [ app_init ] --END-- [ RunTime:0.000970s ]
INFO: [ app_begin ] --START--
INFO: Run Behavior\ReadHtmlCacheBehavior [ RunTime:0.002172s ]
INFO: [ app_begin ] --END-- [ RunTime:0.002355s ]
SQL: SHOW COLUMNS FROM `en_cate` [ RunTime:0.0121s ]
SQL: SELECT * FROM `en_cate` ORDER BY sort ASC  [ RunTime:0.0003s ]
INFO: [ view_parse ] --START--
INFO: [ template_filter ] --START--
INFO: Run Behavior\ContentReplaceBehavior [ RunTime:0.000103s ]
INFO: [ template_filter ] --END-- [ RunTime:0.000267s ]
INFO: Run Behavior\ParseTemplateBehavior [ RunTime:0.049627s ]
INFO: [ view_parse ] --END-- [ RunTime:0.049804s ]
INFO: [ view_filter ] --START--
INFO: Run Behavior\WriteHtmlCacheBehavior [ RunTime:0.001720s ]
INFO: [ view_filter ] --END-- [ RunTime:0.001876s ]
INFO: [ app_end ] --START--
INFO: Run Behavior\ShowPageTraceBehavior [ RunTime:0.002635s ]
INFO: [ app_end ] --END-- [ RunTime:0.002806s ]

[ 2015-05-25T11:05:27+08:00 ] ::1 /encms/index.php/Admin/Blog/blog
INFO: [ app_init ] --START--
INFO: Run Behavior\BuildLiteBehavior [ RunTime:0.000050s ]
INFO: [ app_init ] --END-- [ RunTime:0.001489s ]
INFO: [ app_begin ] --START--
INFO: Run Behavior\ReadHtmlCacheBehavior [ RunTime:0.002234s ]
INFO: [ app_begin ] --END-- [ RunTime:0.002436s ]
SQL: SHOW COLUMNS FROM `en_cate` [ RunTime:0.0096s ]
SQL: SELECT * FROM `en_cate` ORDER BY sort ASC  [ RunTime:0.0005s ]
INFO: [ view_parse ] --START--
INFO: [ template_filter ] --START--
INFO: Run Behavior\ContentReplaceBehavior [ RunTime:0.000122s ]
INFO: [ template_filter ] --END-- [ RunTime:0.000288s ]
INFO: Run Behavior\ParseTemplateBehavior [ RunTime:0.026591s ]
INFO: [ view_parse ] --END-- [ RunTime:0.026798s ]
INFO: [ view_filter ] --START--
INFO: Run Behavior\WriteHtmlCacheBehavior [ RunTime:0.001722s ]
INFO: [ view_filter ] --END-- [ RunTime:0.001875s ]
INFO: [ app_end ] --START--
INFO: Run Behavior\ShowPageTraceBehavior [ RunTime:0.002253s ]
INFO: [ app_end ] --END-- [ RunTime:0.002426s ]

[ 2015-05-25T11:05:53+08:00 ] ::1 /encms/index.php/Admin/Blog/addBlog
INFO: [ app_init ] --START--
INFO: Run Behavior\BuildLiteBehavior [ RunTime:0.000038s ]
INFO: [ app_init ] --END-- [ RunTime:0.000966s ]
INFO: [ app_begin ] --START--
INFO: Run Behavior\ReadHtmlCacheBehavior [ RunTime:0.002759s ]
INFO: [ app_begin ] --END-- [ RunTime:0.003111s ]
NOTIC: [2] call_user_func() expects parameter 1 to be a valid callback, no array or string given D:\wamp\www\encms\ThinkPHP\Library\Think\Upload.class.php 第 170 行.
SQL: SHOW COLUMNS FROM `en_blog` [ RunTime:0.0090s ]
SQL: INSERT INTO `en_blog` (`title`,`content`,`time`,`cid`) VALUES ('夜空中最亮的星','./mp3/2015-05-25/5562919102b3f.mp3','1432523153','13') [ RunTime:0.1013s ]
INFO: [ view_parse ] --START--
INFO: [ template_filter ] --START--
INFO: Run Behavior\ContentReplaceBehavior [ RunTime:0.000083s ]
INFO: [ template_filter ] --END-- [ RunTime:0.000258s ]
INFO: Run Behavior\ParseTemplateBehavior [ RunTime:0.016324s ]
INFO: [ view_parse ] --END-- [ RunTime:0.016490s ]
INFO: [ view_filter ] --START--
INFO: Run Behavior\WriteHtmlCacheBehavior [ RunTime:0.001749s ]
INFO: [ view_filter ] --END-- [ RunTime:0.001914s ]
INFO: [ app_end ] --START--
INFO: Run Behavior\ShowPageTraceBehavior [ RunTime:0.002881s ]
INFO: [ app_end ] --END-- [ RunTime:0.003051s ]

[ 2015-05-25T11:05:54+08:00 ] ::1 /encms/index.php/Admin/Blog/blog
INFO: [ app_init ] --START--
INFO: Run Behavior\BuildLiteBehavior [ RunTime:0.000036s ]
INFO: [ app_init ] --END-- [ RunTime:0.000961s ]
INFO: [ app_begin ] --START--
INFO: Run Behavior\ReadHtmlCacheBehavior [ RunTime:0.002321s ]
INFO: [ app_begin ] --END-- [ RunTime:0.002581s ]
SQL: SHOW COLUMNS FROM `en_cate` [ RunTime:0.0127s ]
SQL: SELECT * FROM `en_cate` ORDER BY sort ASC  [ RunTime:0.0004s ]
INFO: [ view_parse ] --START--
INFO: [ template_filter ] --START--
INFO: Run Behavior\ContentReplaceBehavior [ RunTime:0.000112s ]
INFO: [ template_filter ] --END-- [ RunTime:0.000266s ]
INFO: Run Behavior\ParseTemplateBehavior [ RunTime:0.025092s ]
INFO: [ view_parse ] --END-- [ RunTime:0.025297s ]
INFO: [ view_filter ] --START--
INFO: Run Behavior\WriteHtmlCacheBehavior [ RunTime:0.001961s ]
INFO: [ view_filter ] --END-- [ RunTime:0.002141s ]
INFO: [ app_end ] --START--
INFO: Run Behavior\ShowPageTraceBehavior [ RunTime:0.002016s ]
INFO: [ app_end ] --END-- [ RunTime:0.002177s ]

[ 2015-05-25T11:08:32+08:00 ] ::1 /encms/index.php/Admin/Blog/blog
INFO: [ app_init ] --START--
INFO: Run Behavior\BuildLiteBehavior [ RunTime:0.000046s ]
INFO: [ app_init ] --END-- [ RunTime:0.000905s ]
INFO: [ app_begin ] --START--
INFO: Run Behavior\ReadHtmlCacheBehavior [ RunTime:0.001609s ]
INFO: [ app_begin ] --END-- [ RunTime:0.001861s ]
SQL: SHOW COLUMNS FROM `en_cate` [ RunTime:0.0090s ]
SQL: SELECT * FROM `en_cate` ORDER BY sort ASC  [ RunTime:0.0004s ]
INFO: [ view_parse ] --START--
INFO: [ template_filter ] --START--
INFO: Run Behavior\ContentReplaceBehavior [ RunTime:0.000119s ]
INFO: [ template_filter ] --END-- [ RunTime:0.000282s ]
INFO: Run Behavior\ParseTemplateBehavior [ RunTime:0.020919s ]
INFO: [ view_parse ] --END-- [ RunTime:0.021176s ]
INFO: [ view_filter ] --START--
INFO: Run Behavior\WriteHtmlCacheBehavior [ RunTime:0.001062s ]
INFO: [ view_filter ] --END-- [ RunTime:0.001268s ]
INFO: [ app_end ] --START--
INFO: Run Behavior\ShowPageTraceBehavior [ RunTime:0.000959s ]
INFO: [ app_end ] --END-- [ RunTime:0.001203s ]

[ 2015-05-25T11:08:34+08:00 ] ::1 /encms/index.php/Admin/Blog/index
INFO: [ app_init ] --START--
INFO: Run Behavior\BuildLiteBehavior [ RunTime:0.000036s ]
INFO: [ app_init ] --END-- [ RunTime:0.000725s ]
INFO: [ app_begin ] --START--
INFO: Run Behavior\ReadHtmlCacheBehavior [ RunTime:0.000872s ]
INFO: [ app_begin ] --END-- [ RunTime:0.001101s ]
SQL: SHOW COLUMNS FROM `en_blog` [ RunTime:0.0098s ]
SQL: SELECT `id`,`title`,`content`,`time`,`cid` FROM `en_blog` WHERE `del` = 0  [ RunTime:0.0004s ]
SQL: SHOW COLUMNS FROM `en_cate` [ RunTime:0.0080s ]
SQL: SELECT `name` FROM `en_cate` WHERE ( 1=1 AND id='11' ) LIMIT 1   [ RunTime:0.0004s ]
SQL: SELECT `name` FROM `en_cate` WHERE ( 1=1 AND id='12' ) LIMIT 1   [ RunTime:0.0002s ]
SQL: SELECT `name` FROM `en_cate` WHERE ( 1=1 AND id='12' ) LIMIT 1   [ RunTime:0.0002s ]
SQL: SELECT `name` FROM `en_cate` WHERE ( 1=1 AND id='12' ) LIMIT 1   [ RunTime:0.0002s ]
SQL: SELECT `name` FROM `en_cate` WHERE ( 1=1 AND id='11' ) LIMIT 1   [ RunTime:0.0003s ]
SQL: SELECT `name` FROM `en_cate` WHERE ( 1=1 AND id='11' ) LIMIT 1   [ RunTime:0.0003s ]
SQL: SELECT `name` FROM `en_cate` WHERE ( 1=1 AND id='12' ) LIMIT 1   [ RunTime:0.0002s ]
SQL: SELECT `name` FROM `en_cate` WHERE ( 1=1 AND id='11' ) LIMIT 1   [ RunTime:0.0002s ]
SQL: SELECT `name` FROM `en_cate` WHERE ( 1=1 AND id='11' ) LIMIT 1   [ RunTime:0.0002s ]
SQL: SELECT `name` FROM `en_cate` WHERE ( 1=1 AND id='12' ) LIMIT 1   [ RunTime:0.0002s ]
SQL: SELECT `name` FROM `en_cate` WHERE ( 1=1 AND id='0' ) LIMIT 1   [ RunTime:0.0002s ]
SQL: SELECT `name` FROM `en_cate` WHERE ( 1=1 AND id='11' ) LIMIT 1   [ RunTime:0.0002s ]
SQL: SELECT `name` FROM `en_cate` WHERE ( 1=1 AND id='11' ) LIMIT 1   [ RunTime:0.0003s ]
SQL: SELECT `name` FROM `en_cate` WHERE ( 1=1 AND id='11' ) LIMIT 1   [ RunTime:0.0002s ]
SQL: SELECT `name` FROM `en_cate` WHERE ( 1=1 AND id='13' ) LIMIT 1   [ RunTime:0.0002s ]
INFO: [ view_parse ] --START--
INFO: [ template_filter ] --START--
INFO: Run Behavior\ContentReplaceBehavior [ RunTime:0.000108s ]
INFO: [ template_filter ] --END-- [ RunTime:0.000258s ]
INFO: Run Behavior\ParseTemplateBehavior [ RunTime:0.018531s ]
INFO: [ view_parse ] --END-- [ RunTime:0.018706s ]
INFO: [ view_filter ] --START--
INFO: Run Behavior\WriteHtmlCacheBehavior [ RunTime:0.000568s ]
INFO: [ view_filter ] --END-- [ RunTime:0.000712s ]
INFO: [ app_end ] --START--
INFO: Run Behavior\ShowPageTraceBehavior [ RunTime:0.000627s ]
INFO: [ app_end ] --END-- [ RunTime:0.000772s ]

